<?xml version="1.0" encoding="UTF-8"?>
<testsuite xmlns:xsi="http://www.w3.org/2001/XMLSchema-instance" xsi:noNamespaceSchemaLocation="https://maven.apache.org/surefire/maven-surefire-plugin/xsd/surefire-test-report-3.0.xsd" version="3.0" name="com.ramonyago.cloudsim.AppTest" time="0.767" tests="8" errors="0" skipped="0" failures="0">
  <properties>
    <property name="java.specification.version" value="17"/>
    <property name="sun.cpu.isalist" value="amd64"/>
    <property name="sun.jnu.encoding" value="Cp1252"/>
    <property name="java.class.path" value="C:\projects\vm-placement-po\target\test-classes;C:\projects\vm-placement-po\target\classes;C:\Users\AfrTM\.m2\repository\org\cloudsimplus\cloudsimplus\8.5.5\cloudsimplus-8.5.5.jar;C:\Users\AfrTM\.m2\repository\org\apache\commons\commons-lang3\3.12.0\commons-lang3-3.12.0.jar;C:\Users\AfrTM\.m2\repository\org\apache\commons\commons-collections4\4.4\commons-collections4-4.4.jar;C:\Users\AfrTM\.m2\repository\com\google\code\gson\gson\2.10.1\gson-2.10.1.jar;C:\Users\AfrTM\.m2\repository\ch\qos\logback\logback-core\1.4.12\logback-core-1.4.12.jar;C:\Users\AfrTM\.m2\repository\ch\qos\logback\logback-classic\1.4.6\logback-classic-1.4.6.jar;C:\Users\AfrTM\.m2\repository\org\apache\commons\commons-math3\3.6.1\commons-math3-3.6.1.jar;C:\Users\AfrTM\.m2\repository\com\fasterxml\jackson\core\jackson-databind\2.15.2\jackson-databind-2.15.2.jar;C:\Users\AfrTM\.m2\repository\com\fasterxml\jackson\core\jackson-annotations\2.15.2\jackson-annotations-2.15.2.jar;C:\Users\AfrTM\.m2\repository\com\fasterxml\jackson\core\jackson-core\2.15.2\jackson-core-2.15.2.jar;C:\Users\AfrTM\.m2\repository\org\junit\jupiter\junit-jupiter\5.10.0\junit-jupiter-5.10.0.jar;C:\Users\AfrTM\.m2\repository\org\junit\jupiter\junit-jupiter-api\5.10.0\junit-jupiter-api-5.10.0.jar;C:\Users\AfrTM\.m2\repository\org\opentest4j\opentest4j\1.3.0\opentest4j-1.3.0.jar;C:\Users\AfrTM\.m2\repository\org\junit\platform\junit-platform-commons\1.10.0\junit-platform-commons-1.10.0.jar;C:\Users\AfrTM\.m2\repository\org\apiguardian\apiguardian-api\1.1.2\apiguardian-api-1.1.2.jar;C:\Users\AfrTM\.m2\repository\org\junit\jupiter\junit-jupiter-params\5.10.0\junit-jupiter-params-5.10.0.jar;C:\Users\AfrTM\.m2\repository\org\junit\jupiter\junit-jupiter-engine\5.10.0\junit-jupiter-engine-5.10.0.jar;C:\Users\AfrTM\.m2\repository\org\junit\platform\junit-platform-engine\1.10.0\junit-platform-engine-1.10.0.jar;C:\Users\AfrTM\.m2\repository\org\slf4j\slf4j-api\2.0.9\slf4j-api-2.0.9.jar;C:\Users\AfrTM\.m2\repository\org\slf4j\slf4j-simple\2.0.9\slf4j-simple-2.0.9.jar;"/>
    <property name="java.vm.vendor" value="Oracle Corporation"/>
    <property name="sun.arch.data.model" value="64"/>
    <property name="user.variant" value=""/>
    <property name="java.vendor.url" value="https://java.oracle.com/"/>
    <property name="user.timezone" value="America/Sao_Paulo"/>
    <property name="user.country.format" value="BR"/>
    <property name="os.name" value="Windows 11"/>
    <property name="java.vm.specification.version" value="17"/>
    <property name="sun.java.launcher" value="SUN_STANDARD"/>
    <property name="user.country" value="US"/>
    <property name="sun.boot.library.path" value="C:\Program Files\Java\jdk-17\bin"/>
    <property name="sun.java.command" value="C:\Users\AfrTM\AppData\Local\Temp\surefire13280179433389321412\surefirebooter-20250528220228675_3.jar C:\Users\AfrTM\AppData\Local\Temp\surefire13280179433389321412 2025-05-28T22-02-28_519-jvmRun1 surefire-20250528220228675_1tmp surefire_0-20250528220228675_2tmp"/>
    <property name="jdk.debug" value="release"/>
    <property name="surefire.test.class.path" value="C:\projects\vm-placement-po\target\test-classes;C:\projects\vm-placement-po\target\classes;C:\Users\AfrTM\.m2\repository\org\cloudsimplus\cloudsimplus\8.5.5\cloudsimplus-8.5.5.jar;C:\Users\AfrTM\.m2\repository\org\apache\commons\commons-lang3\3.12.0\commons-lang3-3.12.0.jar;C:\Users\AfrTM\.m2\repository\org\apache\commons\commons-collections4\4.4\commons-collections4-4.4.jar;C:\Users\AfrTM\.m2\repository\com\google\code\gson\gson\2.10.1\gson-2.10.1.jar;C:\Users\AfrTM\.m2\repository\ch\qos\logback\logback-core\1.4.12\logback-core-1.4.12.jar;C:\Users\AfrTM\.m2\repository\ch\qos\logback\logback-classic\1.4.6\logback-classic-1.4.6.jar;C:\Users\AfrTM\.m2\repository\org\apache\commons\commons-math3\3.6.1\commons-math3-3.6.1.jar;C:\Users\AfrTM\.m2\repository\com\fasterxml\jackson\core\jackson-databind\2.15.2\jackson-databind-2.15.2.jar;C:\Users\AfrTM\.m2\repository\com\fasterxml\jackson\core\jackson-annotations\2.15.2\jackson-annotations-2.15.2.jar;C:\Users\AfrTM\.m2\repository\com\fasterxml\jackson\core\jackson-core\2.15.2\jackson-core-2.15.2.jar;C:\Users\AfrTM\.m2\repository\org\junit\jupiter\junit-jupiter\5.10.0\junit-jupiter-5.10.0.jar;C:\Users\AfrTM\.m2\repository\org\junit\jupiter\junit-jupiter-api\5.10.0\junit-jupiter-api-5.10.0.jar;C:\Users\AfrTM\.m2\repository\org\opentest4j\opentest4j\1.3.0\opentest4j-1.3.0.jar;C:\Users\AfrTM\.m2\repository\org\junit\platform\junit-platform-commons\1.10.0\junit-platform-commons-1.10.0.jar;C:\Users\AfrTM\.m2\repository\org\apiguardian\apiguardian-api\1.1.2\apiguardian-api-1.1.2.jar;C:\Users\AfrTM\.m2\repository\org\junit\jupiter\junit-jupiter-params\5.10.0\junit-jupiter-params-5.10.0.jar;C:\Users\AfrTM\.m2\repository\org\junit\jupiter\junit-jupiter-engine\5.10.0\junit-jupiter-engine-5.10.0.jar;C:\Users\AfrTM\.m2\repository\org\junit\platform\junit-platform-engine\1.10.0\junit-platform-engine-1.10.0.jar;C:\Users\AfrTM\.m2\repository\org\slf4j\slf4j-api\2.0.9\slf4j-api-2.0.9.jar;C:\Users\AfrTM\.m2\repository\org\slf4j\slf4j-simple\2.0.9\slf4j-simple-2.0.9.jar;"/>
    <property name="sun.cpu.endian" value="little"/>
    <property name="user.home" value="C:\Users\AfrTM"/>
    <property name="user.language" value="en"/>
    <property name="java.specification.vendor" value="Oracle Corporation"/>
    <property name="java.version.date" value="2023-07-18"/>
    <property name="java.home" value="C:\Program Files\Java\jdk-17"/>
    <property name="file.separator" value="\"/>
    <property name="basedir" value="C:\projects\vm-placement-po"/>
    <property name="java.vm.compressedOopsMode" value="Zero based"/>
    <property name="line.separator" value="&#10;"/>
    <property name="java.vm.specification.vendor" value="Oracle Corporation"/>
    <property name="java.specification.name" value="Java Platform API Specification"/>
    <property name="surefire.real.class.path" value="C:\Users\AfrTM\AppData\Local\Temp\surefire13280179433389321412\surefirebooter-20250528220228675_3.jar"/>
    <property name="user.script" value=""/>
    <property name="sun.management.compiler" value="HotSpot 64-Bit Tiered Compilers"/>
    <property name="java.runtime.version" value="17.0.8+9-LTS-211"/>
    <property name="user.name" value="nickel"/>
    <property name="path.separator" value=";"/>
    <property name="os.version" value="10.0"/>
    <property name="java.runtime.name" value="Java(TM) SE Runtime Environment"/>
    <property name="file.encoding" value="Cp1252"/>
    <property name="java.vm.name" value="Java HotSpot(TM) 64-Bit Server VM"/>
    <property name="localRepository" value="C:\Users\AfrTM\.m2\repository"/>
    <property name="java.vendor.url.bug" value="https://bugreport.java.com/bugreport/"/>
    <property name="java.io.tmpdir" value="C:\Users\AfrTM\AppData\Local\Temp\"/>
    <property name="java.version" value="17.0.8"/>
    <property name="user.dir" value="C:\projects\vm-placement-po"/>
    <property name="os.arch" value="amd64"/>
    <property name="java.vm.specification.name" value="Java Virtual Machine Specification"/>
    <property name="user.language.format" value="pt"/>
    <property name="sun.os.patch.level" value=""/>
    <property name="native.encoding" value="Cp1252"/>
    <property name="java.library.path" value="C:\Program Files\Java\jdk-17\bin;C:\WINDOWS\Sun\Java\bin;C:\WINDOWS\system32;C:\WINDOWS;C:\Users\AfrTM\miniconda3\condabin;C:\Users\AfrTM\.yarn\bin;C:\Users\AfrTM\.config\yarn\global\node_modules\.bin;C:\Program Files\Git\mingw64\bin;C:\Program Files\Git\usr\bin;C:\Users\AfrTM\bin;C:\Program Files\NVIDIA GPU Computing Toolkit\CUDA\v11.8\bin;C:\Program Files\NVIDIA GPU Computing Toolkit\CUDA\v11.8\libnvvp;C:\Program Files (x86)\Common Files\Oracle\Java\javapath;C:\Program Files\Common Files\Oracle\Java\javapath;C:\Python311\Scripts;C:\Python311;C:\Windows\system32;C:\Windows;C:\Windows\System32\Wbem;C:\Windows\System32\WindowsPowerShell\v1.0;C:\Windows\System32\OpenSSH;C:\Program Files (x86)\NVIDIA Corporation\PhysX\Common;C:\Users\AfrTM\AppData\Roaming\nvm;C:\Program Files\nodejs;C:\ProgramData\chocolatey\bin;C:\platform-tools;C:\Program Files\RedHat\java-1.8.0-openjdk-1.8.0.382-1\bin;C:\Program Files\RedHat\java-1.8.0-openjdk-1.8.0.382-1\jre\bin;C:\Program Files\Go\bin;C:\MinGW\bin;C:\Program Files\dotnet;C:\Program Files\Git LFS;C:\Program Files\PostgreSQL\16\bin;C:\sqlite;C:\Program Files\PostgreSQL\16\lib;C:\Program Files\apache-maven-3.9.5\bin;C:\Program Files\Amazon\AWSCLIV2;C:\Program Files\GitHub CLI;C:\Program Files\NVIDIA Corporation\Nsight Compute 2022.3.0;C:\WINDOWS\system32;C:\WINDOWS;C:\WINDOWS\System32\Wbem;C:\WINDOWS\System32\WindowsPowerShell\v1.0;C:\WINDOWS\System32\OpenSSH;C:\Program Files\nodejs;C:\Program Files\NVIDIA Corporation\NVIDIA app\NvDLISR;C:\Program Files\Git\cmd;C:\Program Files\LLVM\bin;C:\Program Files (x86)\LLVM\bin;C:\Users\AfrTM\AppData\Local\Programs\cursor\resources\app\bin;C:\Program Files (x86)\Windows Kits\10\Windows Performance Toolkit;C:\Ruby32-x64\bin;C:\Users\AfrTM\.cargo\bin;C:\Users\AfrTM\AppData\Local\Microsoft\WindowsApps;C:\Users\AfrTM\AppData\Local\Programs\Microsoft VS Code\bin;C:\Users\AfrTM\AppData\Roaming\nvm;C:\Program Files\nodejs;C:\Program Files\JetBrains\IntelliJ IDEA Community Edition 2023.2\bin;C:\Users\AfrTM\AppData\Local\GitHubDesktop\bin;C:\Users\AfrTM\go\bin;C:\Users\AfrTM\.dotnet\tools;C:\Program Files\Neovim\bin;C:\Users\AfrTM\AppData\Local\gitkraken\bin;C:\Program Files\apache-maven-3.9.5;C:\ghcup\bin;C:\Program Files\JetBrains\PyCharm Community Edition 2023.3.4\bin;C:\stripe_cli;C:\flutter\bin;C:\Users\AfrTM\AppData\Local\Android\Sdk\tools;C:\Users\AfrTM\AppData\Local\Android\Sdk\tools\bin;C:\Users\AfrTM\AppData\Local\Android\Sdk\platform-tools;C:\Users\AfrTM\AppData\Local\Google\Cloud SDK\google-cloud-sdk\bin;C:\Users\AfrTM\AppData\Local\Muse Hub\lib;C:\Program Files\Git\usr\bin;C:\Program Files (x86)\FreeArc\bin;C:\Users\AfrTM\AppData\Roaming\Code\User\globalStorage\ms-vscode-remote.remote-containers\cli-bin;C:\Users\AfrTM\AppData\Local\Microsoft\WindowsApps;C:\Users\AfrTM\AppData\Roaming\npm;C:\Users\AfrTM\miniconda3;C:\Users\AfrTM\miniconda3\Scripts;C:\Users\AfrTM\AppData\Local\Programs\cursor\resources\app\bin;C:\Program Files\CMake\bin;."/>
    <property name="java.vm.info" value="mixed mode, sharing"/>
    <property name="java.vendor" value="Oracle Corporation"/>
    <property name="java.vm.version" value="17.0.8+9-LTS-211"/>
    <property name="sun.io.unicode.encoding" value="UnicodeLittle"/>
    <property name="java.class.version" value="61.0"/>
  </properties>
  <testcase name="testMultipleStrategies" classname="com.ramonyago.cloudsim.AppTest" time="0.491">
    <system-out><![CDATA[&amp#27;[34mINFO  VM Allocation Optimizer initialized for instance: sample
&amp#27;[0;39m&amp#27;[34mINFO  Instance statistics: Instance Statistics:
  VMs: 3, Hosts: 3
  Avg VM reliability requirement: 0,943
  Avg Host failure probability: 0,027
  Total host activation cost: 300,00
  Resource demands vs capacities:
    CPU: 7,00 / 24,00 (29,2%)
    RAM: 14,00 / 48,00 (29,2%)
    Storage: 70,00 / 350,00 (20,0%)
    Network: 0,00 / 0,00 (0,0%)
    GPU: 0,00 / 0,00 (0,0%)

&amp#27;[0;39m&amp#27;[34mINFO  Starting hybrid optimization process...
&amp#27;[0;39m&amp#27;[34mINFO  === Phase 1: Multi-objective BRKGA ===
&amp#27;[0;39m&amp#27;[34mINFO  MOBRKGA initialized with parameters: BRKGAParameters{popSize=10, maxGen=5, elite=0,15, mutant=0,10, inheritance=0,70, archiveSize=5, NSGA2=true}
&amp#27;[0;39m&amp#27;[34mINFO  Starting MOBRKGA execution...
&amp#27;[0;39m&amp#27;[39mDEBUG Population initialized with 10 individuals
&amp#27;[0;39m&amp#27;[34mINFO  Generation 5: Archive size = 5, Avg cost = 146,00, Avg reliability = 0,987
&amp#27;[0;39m&amp#27;[34mINFO  MOBRKGA completed in 11 ms
&amp#27;[0;39m&amp#27;[34mINFO  BRKGA completed. Archive size: 5
&amp#27;[0;39m&amp#27;[34mINFO  === Phase 2: Multi-objective Tabu Search ===
&amp#27;[0;39m&amp#27;[34mINFO  Starting Tabu Search with 5 initial solutions
&amp#27;[0;39m&amp#27;[39mDEBUG Iteration 1: Found improving solution (cost: 120,00, reliability: 0,990)
&amp#27;[0;39m&amp#27;[39mDEBUG Iteration 3: Found improving solution (cost: 120,00, reliability: 0,990)
&amp#27;[0;39m&amp#27;[39mDEBUG Iteration 5: Found improving solution (cost: 120,00, reliability: 0,990)
&amp#27;[0;39m&amp#27;[39mDEBUG Iteration 7: Found improving solution (cost: 120,00, reliability: 0,990)
&amp#27;[0;39m&amp#27;[39mDEBUG Iteration 9: Found improving solution (cost: 120,00, reliability: 0,990)
&amp#27;[0;39m&amp#27;[39mDEBUG Applying diversification strategy
&amp#27;[0;39m&amp#27;[39mDEBUG Iteration 51: Found improving solution (cost: 100,00, reliability: 0,980)
&amp#27;[0;39m&amp#27;[39mDEBUG Iteration 53: Found improving solution (cost: 100,00, reliability: 0,980)
&amp#27;[0;39m&amp#27;[39mDEBUG Applying diversification strategy
&amp#27;[0;39m&amp#27;[39mDEBUG Applying diversification strategy
&amp#27;[0;39m&amp#27;[39mDEBUG Applying diversification strategy
&amp#27;[0;39m&amp#27;[39mDEBUG Applying diversification strategy
&amp#27;[0;39m&amp#27;[39mDEBUG Applying diversification strategy
&amp#27;[0;39m&amp#27;[39mDEBUG Applying diversification strategy
&amp#27;[0;39m&amp#27;[39mDEBUG Applying diversification strategy
&amp#27;[0;39m&amp#27;[39mDEBUG Applying diversification strategy
&amp#27;[0;39m&amp#27;[39mDEBUG Iteration 1: Found improving solution (cost: 120,00, reliability: 0,990)
&amp#27;[0;39m&amp#27;[39mDEBUG Iteration 3: Found improving solution (cost: 120,00, reliability: 0,990)
&amp#27;[0;39m&amp#27;[39mDEBUG Iteration 5: Found improving solution (cost: 120,00, reliability: 0,990)
&amp#27;[0;39m&amp#27;[39mDEBUG Iteration 7: Found improving solution (cost: 120,00, reliability: 0,990)
&amp#27;[0;39m&amp#27;[39mDEBUG Iteration 9: Found improving solution (cost: 120,00, reliability: 0,990)
&amp#27;[0;39m&amp#27;[39mDEBUG Applying diversification strategy
&amp#27;[0;39m&amp#27;[39mDEBUG Applying diversification strategy
&amp#27;[0;39m&amp#27;[39mDEBUG Applying diversification strategy
&amp#27;[0;39m&amp#27;[39mDEBUG Applying diversification strategy
&amp#27;[0;39m&amp#27;[39mDEBUG Applying diversification strategy
&amp#27;[0;39m&amp#27;[39mDEBUG Applying diversification strategy
&amp#27;[0;39m&amp#27;[39mDEBUG Applying diversification strategy
&amp#27;[0;39m&amp#27;[39mDEBUG Applying diversification strategy
&amp#27;[0;39m&amp#27;[39mDEBUG Applying diversification strategy
&amp#27;[0;39m&amp#27;[39mDEBUG Iteration 1: Found improving solution (cost: 120,00, reliability: 0,990)
&amp#27;[0;39m&amp#27;[39mDEBUG Iteration 3: Found improving solution (cost: 120,00, reliability: 0,990)
&amp#27;[0;39m&amp#27;[39mDEBUG Iteration 5: Found improving solution (cost: 120,00, reliability: 0,990)
&amp#27;[0;39m&amp#27;[39mDEBUG Iteration 7: Found improving solution (cost: 120,00, reliability: 0,990)
&amp#27;[0;39m&amp#27;[39mDEBUG Iteration 9: Found improving solution (cost: 120,00, reliability: 0,990)
&amp#27;[0;39m&amp#27;[39mDEBUG Applying diversification strategy
&amp#27;[0;39m&amp#27;[39mDEBUG Iteration 52: Found improving solution (cost: 100,00, reliability: 0,980)
&amp#27;[0;39m&amp#27;[39mDEBUG Iteration 54: Found improving solution (cost: 100,00, reliability: 0,980)
&amp#27;[0;39m&amp#27;[39mDEBUG Applying diversification strategy
&amp#27;[0;39m&amp#27;[39mDEBUG Applying diversification strategy
&amp#27;[0;39m&amp#27;[39mDEBUG Applying diversification strategy
&amp#27;[0;39m&amp#27;[39mDEBUG Applying diversification strategy
&amp#27;[0;39m&amp#27;[39mDEBUG Applying diversification strategy
&amp#27;[0;39m&amp#27;[39mDEBUG Applying diversification strategy
&amp#27;[0;39m&amp#27;[39mDEBUG Applying diversification strategy
&amp#27;[0;39m&amp#27;[39mDEBUG Applying diversification strategy
&amp#27;[0;39m&amp#27;[39mDEBUG Iteration 1: Found improving solution (cost: 120,00, reliability: 0,990)
&amp#27;[0;39m&amp#27;[39mDEBUG Iteration 3: Found improving solution (cost: 120,00, reliability: 0,990)
&amp#27;[0;39m&amp#27;[39mDEBUG Iteration 5: Found improving solution (cost: 120,00, reliability: 0,990)
&amp#27;[0;39m&amp#27;[39mDEBUG Iteration 7: Found improving solution (cost: 120,00, reliability: 0,990)
&amp#27;[0;39m&amp#27;[39mDEBUG Iteration 9: Found improving solution (cost: 120,00, reliability: 0,990)
&amp#27;[0;39m&amp#27;[39mDEBUG Applying diversification strategy
&amp#27;[0;39m&amp#27;[39mDEBUG Iteration 51: Found improving solution (cost: 100,00, reliability: 0,980)
&amp#27;[0;39m&amp#27;[39mDEBUG Applying diversification strategy
&amp#27;[0;39m&amp#27;[39mDEBUG Applying diversification strategy
&amp#27;[0;39m&amp#27;[39mDEBUG Applying diversification strategy
&amp#27;[0;39m&amp#27;[39mDEBUG Applying diversification strategy
&amp#27;[0;39m&amp#27;[39mDEBUG Applying diversification strategy
&amp#27;[0;39m&amp#27;[39mDEBUG Applying diversification strategy
&amp#27;[0;39m&amp#27;[39mDEBUG Applying diversification strategy
&amp#27;[0;39m&amp#27;[39mDEBUG Applying diversification strategy
&amp#27;[0;39m&amp#27;[39mDEBUG Iteration 1: Found improving solution (cost: 120,00, reliability: 0,990)
&amp#27;[0;39m&amp#27;[39mDEBUG Iteration 3: Found improving solution (cost: 120,00, reliability: 0,990)
&amp#27;[0;39m&amp#27;[39mDEBUG Iteration 5: Found improving solution (cost: 120,00, reliability: 0,990)
&amp#27;[0;39m&amp#27;[39mDEBUG Iteration 7: Found improving solution (cost: 120,00, reliability: 0,990)
&amp#27;[0;39m&amp#27;[39mDEBUG Iteration 9: Found improving solution (cost: 120,00, reliability: 0,990)
&amp#27;[0;39m&amp#27;[39mDEBUG Applying diversification strategy
&amp#27;[0;39m&amp#27;[39mDEBUG Iteration 52: Found improving solution (cost: 100,00, reliability: 0,980)
&amp#27;[0;39m&amp#27;[39mDEBUG Iteration 54: Found improving solution (cost: 100,00, reliability: 0,980)
&amp#27;[0;39m&amp#27;[39mDEBUG Applying diversification strategy
&amp#27;[0;39m&amp#27;[39mDEBUG Applying diversification strategy
&amp#27;[0;39m&amp#27;[39mDEBUG Applying diversification strategy
&amp#27;[0;39m&amp#27;[39mDEBUG Applying diversification strategy
&amp#27;[0;39m&amp#27;[39mDEBUG Applying diversification strategy
&amp#27;[0;39m&amp#27;[39mDEBUG Applying diversification strategy
&amp#27;[0;39m&amp#27;[39mDEBUG Applying diversification strategy
&amp#27;[0;39m&amp#27;[39mDEBUG Applying diversification strategy
&amp#27;[0;39m&amp#27;[34mINFO  Tabu Search completed in 88 ms, 2500 iterations, 32 improvements
&amp#27;[0;39m&amp#27;[34mINFO  Tabu Search completed. Archive size: 5, Improvements: 32
&amp#27;[0;39m&amp#27;[34mINFO  Hybrid optimization completed in 102 ms
&amp#27;[0;39m&amp#27;[34mINFO  Final archive statistics: ArchiveStats{size=5, cost=[120,00, 120,00, 120,00], reliability=[0,990, 0,990, 0,990]}
&amp#27;[0;39m&amp#27;[34mINFO  VM Allocation Optimizer initialized for instance: sample
&amp#27;[0;39m&amp#27;[34mINFO  Instance statistics: Instance Statistics:
  VMs: 3, Hosts: 3
  Avg VM reliability requirement: 0,943
  Avg Host failure probability: 0,027
  Total host activation cost: 300,00
  Resource demands vs capacities:
    CPU: 7,00 / 24,00 (29,2%)
    RAM: 14,00 / 48,00 (29,2%)
    Storage: 70,00 / 350,00 (20,0%)
    Network: 0,00 / 0,00 (0,0%)
    GPU: 0,00 / 0,00 (0,0%)

&amp#27;[0;39m&amp#27;[34mINFO  Starting hybrid optimization process...
&amp#27;[0;39m&amp#27;[34mINFO  === Phase 1: Multi-objective BRKGA ===
&amp#27;[0;39m&amp#27;[34mINFO  MOBRKGA initialized with parameters: BRKGAParameters{popSize=10, maxGen=5, elite=0,15, mutant=0,10, inheritance=0,70, archiveSize=5, NSGA2=true}
&amp#27;[0;39m&amp#27;[34mINFO  Starting MOBRKGA execution...
&amp#27;[0;39m&amp#27;[39mDEBUG Population initialized with 10 individuals
&amp#27;[0;39m&amp#27;[34mINFO  Generation 5: Archive size = 5, Avg cost = 158,00, Avg reliability = 0,987
&amp#27;[0;39m&amp#27;[34mINFO  MOBRKGA completed in 2 ms
&amp#27;[0;39m&amp#27;[34mINFO  BRKGA completed. Archive size: 5
&amp#27;[0;39m&amp#27;[34mINFO  === Phase 2: Multi-objective Tabu Search ===
&amp#27;[0;39m&amp#27;[34mINFO  Starting Tabu Search with 5 initial solutions
&amp#27;[0;39m&amp#27;[39mDEBUG Iteration 1: Found improving solution (cost: 120,00, reliability: 0,990)
&amp#27;[0;39m&amp#27;[39mDEBUG Iteration 3: Found improving solution (cost: 120,00, reliability: 0,990)
&amp#27;[0;39m&amp#27;[39mDEBUG Iteration 5: Found improving solution (cost: 120,00, reliability: 0,990)
&amp#27;[0;39m&amp#27;[39mDEBUG Iteration 7: Found improving solution (cost: 120,00, reliability: 0,990)
&amp#27;[0;39m&amp#27;[39mDEBUG Iteration 9: Found improving solution (cost: 120,00, reliability: 0,990)
&amp#27;[0;39m&amp#27;[39mDEBUG Applying diversification strategy
&amp#27;[0;39m&amp#27;[39mDEBUG Iteration 51: Found improving solution (cost: 100,00, reliability: 0,980)
&amp#27;[0;39m&amp#27;[39mDEBUG Iteration 53: Found improving solution (cost: 100,00, reliability: 0,980)
&amp#27;[0;39m&amp#27;[39mDEBUG Applying diversification strategy
&amp#27;[0;39m&amp#27;[39mDEBUG Applying diversification strategy
&amp#27;[0;39m&amp#27;[39mDEBUG Applying diversification strategy
&amp#27;[0;39m&amp#27;[39mDEBUG Applying diversification strategy
&amp#27;[0;39m&amp#27;[39mDEBUG Applying diversification strategy
&amp#27;[0;39m&amp#27;[39mDEBUG Applying diversification strategy
&amp#27;[0;39m&amp#27;[39mDEBUG Applying diversification strategy
&amp#27;[0;39m&amp#27;[39mDEBUG Applying diversification strategy
&amp#27;[0;39m&amp#27;[39mDEBUG Iteration 1: Found improving solution (cost: 120,00, reliability: 0,990)
&amp#27;[0;39m&amp#27;[39mDEBUG Iteration 3: Found improving solution (cost: 120,00, reliability: 0,990)
&amp#27;[0;39m&amp#27;[39mDEBUG Iteration 5: Found improving solution (cost: 120,00, reliability: 0,990)
&amp#27;[0;39m&amp#27;[39mDEBUG Iteration 7: Found improving solution (cost: 120,00, reliability: 0,990)
&amp#27;[0;39m&amp#27;[39mDEBUG Iteration 9: Found improving solution (cost: 120,00, reliability: 0,990)
&amp#27;[0;39m&amp#27;[39mDEBUG Applying diversification strategy
&amp#27;[0;39m&amp#27;[39mDEBUG Applying diversification strategy
&amp#27;[0;39m&amp#27;[39mDEBUG Applying diversification strategy
&amp#27;[0;39m&amp#27;[39mDEBUG Applying diversification strategy
&amp#27;[0;39m&amp#27;[39mDEBUG Applying diversification strategy
&amp#27;[0;39m&amp#27;[39mDEBUG Applying diversification strategy
&amp#27;[0;39m&amp#27;[39mDEBUG Applying diversification strategy
&amp#27;[0;39m&amp#27;[39mDEBUG Applying diversification strategy
&amp#27;[0;39m&amp#27;[39mDEBUG Applying diversification strategy
&amp#27;[0;39m&amp#27;[39mDEBUG Iteration 1: Found improving solution (cost: 120,00, reliability: 0,990)
&amp#27;[0;39m&amp#27;[39mDEBUG Iteration 3: Found improving solution (cost: 120,00, reliability: 0,990)
&amp#27;[0;39m&amp#27;[39mDEBUG Iteration 5: Found improving solution (cost: 120,00, reliability: 0,990)
&amp#27;[0;39m&amp#27;[39mDEBUG Iteration 7: Found improving solution (cost: 120,00, reliability: 0,990)
&amp#27;[0;39m&amp#27;[39mDEBUG Iteration 9: Found improving solution (cost: 120,00, reliability: 0,990)
&amp#27;[0;39m&amp#27;[39mDEBUG Applying diversification strategy
&amp#27;[0;39m&amp#27;[39mDEBUG Iteration 52: Found improving solution (cost: 100,00, reliability: 0,980)
&amp#27;[0;39m&amp#27;[39mDEBUG Iteration 54: Found improving solution (cost: 100,00, reliability: 0,980)
&amp#27;[0;39m&amp#27;[39mDEBUG Applying diversification strategy
&amp#27;[0;39m&amp#27;[39mDEBUG Applying diversification strategy
&amp#27;[0;39m&amp#27;[39mDEBUG Applying diversification strategy
&amp#27;[0;39m&amp#27;[39mDEBUG Applying diversification strategy
&amp#27;[0;39m&amp#27;[39mDEBUG Applying diversification strategy
&amp#27;[0;39m&amp#27;[39mDEBUG Applying diversification strategy
&amp#27;[0;39m&amp#27;[39mDEBUG Applying diversification strategy
&amp#27;[0;39m&amp#27;[39mDEBUG Applying diversification strategy
&amp#27;[0;39m&amp#27;[39mDEBUG Iteration 1: Found improving solution (cost: 120,00, reliability: 0,990)
&amp#27;[0;39m&amp#27;[39mDEBUG Iteration 3: Found improving solution (cost: 120,00, reliability: 0,990)
&amp#27;[0;39m&amp#27;[39mDEBUG Iteration 5: Found improving solution (cost: 120,00, reliability: 0,990)
&amp#27;[0;39m&amp#27;[39mDEBUG Iteration 7: Found improving solution (cost: 120,00, reliability: 0,990)
&amp#27;[0;39m&amp#27;[39mDEBUG Iteration 9: Found improving solution (cost: 120,00, reliability: 0,990)
&amp#27;[0;39m&amp#27;[39mDEBUG Applying diversification strategy
&amp#27;[0;39m&amp#27;[39mDEBUG Iteration 51: Found improving solution (cost: 100,00, reliability: 0,980)
&amp#27;[0;39m&amp#27;[39mDEBUG Applying diversification strategy
&amp#27;[0;39m&amp#27;[39mDEBUG Applying diversification strategy
&amp#27;[0;39m&amp#27;[39mDEBUG Applying diversification strategy
&amp#27;[0;39m&amp#27;[39mDEBUG Applying diversification strategy
&amp#27;[0;39m&amp#27;[39mDEBUG Applying diversification strategy
&amp#27;[0;39m&amp#27;[39mDEBUG Applying diversification strategy
&amp#27;[0;39m&amp#27;[39mDEBUG Applying diversification strategy
&amp#27;[0;39m&amp#27;[39mDEBUG Applying diversification strategy
&amp#27;[0;39m&amp#27;[39mDEBUG Iteration 1: Found improving solution (cost: 120,00, reliability: 0,990)
&amp#27;[0;39m&amp#27;[39mDEBUG Iteration 3: Found improving solution (cost: 120,00, reliability: 0,990)
&amp#27;[0;39m&amp#27;[39mDEBUG Iteration 5: Found improving solution (cost: 120,00, reliability: 0,990)
&amp#27;[0;39m&amp#27;[39mDEBUG Iteration 7: Found improving solution (cost: 120,00, reliability: 0,990)
&amp#27;[0;39m&amp#27;[39mDEBUG Iteration 9: Found improving solution (cost: 120,00, reliability: 0,990)
&amp#27;[0;39m&amp#27;[39mDEBUG Applying diversification strategy
&amp#27;[0;39m&amp#27;[39mDEBUG Iteration 52: Found improving solution (cost: 100,00, reliability: 0,980)
&amp#27;[0;39m&amp#27;[39mDEBUG Iteration 54: Found improving solution (cost: 100,00, reliability: 0,980)
&amp#27;[0;39m&amp#27;[39mDEBUG Applying diversification strategy
&amp#27;[0;39m&amp#27;[39mDEBUG Applying diversification strategy
&amp#27;[0;39m&amp#27;[39mDEBUG Applying diversification strategy
&amp#27;[0;39m&amp#27;[39mDEBUG Applying diversification strategy
&amp#27;[0;39m&amp#27;[39mDEBUG Applying diversification strategy
&amp#27;[0;39m&amp#27;[39mDEBUG Applying diversification strategy
&amp#27;[0;39m&amp#27;[39mDEBUG Applying diversification strategy
&amp#27;[0;39m&amp#27;[39mDEBUG Applying diversification strategy
&amp#27;[0;39m&amp#27;[34mINFO  Tabu Search completed in 46 ms, 2500 iterations, 32 improvements
&amp#27;[0;39m&amp#27;[34mINFO  Tabu Search completed. Archive size: 5, Improvements: 32
&amp#27;[0;39m&amp#27;[34mINFO  Hybrid optimization completed in 50 ms
&amp#27;[0;39m&amp#27;[34mINFO  Final archive statistics: ArchiveStats{size=5, cost=[120,00, 120,00, 120,00], reliability=[0,990, 0,990, 0,990]}
&amp#27;[0;39m&amp#27;[34mINFO  VM Allocation Optimizer initialized for instance: sample
&amp#27;[0;39m&amp#27;[34mINFO  Instance statistics: Instance Statistics:
  VMs: 3, Hosts: 3
  Avg VM reliability requirement: 0,943
  Avg Host failure probability: 0,027
  Total host activation cost: 300,00
  Resource demands vs capacities:
    CPU: 7,00 / 24,00 (29,2%)
    RAM: 14,00 / 48,00 (29,2%)
    Storage: 70,00 / 350,00 (20,0%)
    Network: 0,00 / 0,00 (0,0%)
    GPU: 0,00 / 0,00 (0,0%)

&amp#27;[0;39m&amp#27;[34mINFO  Starting hybrid optimization process...
&amp#27;[0;39m&amp#27;[34mINFO  === Phase 1: Multi-objective BRKGA ===
&amp#27;[0;39m&amp#27;[34mINFO  MOBRKGA initialized with parameters: BRKGAParameters{popSize=10, maxGen=5, elite=0,15, mutant=0,10, inheritance=0,70, archiveSize=5, NSGA2=true}
&amp#27;[0;39m&amp#27;[34mINFO  Starting MOBRKGA execution...
&amp#27;[0;39m&amp#27;[39mDEBUG Population initialized with 10 individuals
&amp#27;[0;39m&amp#27;[34mINFO  Generation 5: Archive size = 5, Avg cost = 158,00, Avg reliability = 0,987
&amp#27;[0;39m&amp#27;[34mINFO  MOBRKGA completed in 1 ms
&amp#27;[0;39m&amp#27;[34mINFO  BRKGA completed. Archive size: 5
&amp#27;[0;39m&amp#27;[34mINFO  === Phase 2: Multi-objective Tabu Search ===
&amp#27;[0;39m&amp#27;[34mINFO  Starting Tabu Search with 5 initial solutions
&amp#27;[0;39m&amp#27;[39mDEBUG Iteration 1: Found improving solution (cost: 120,00, reliability: 0,990)
&amp#27;[0;39m&amp#27;[39mDEBUG Iteration 3: Found improving solution (cost: 120,00, reliability: 0,990)
&amp#27;[0;39m&amp#27;[39mDEBUG Iteration 5: Found improving solution (cost: 120,00, reliability: 0,990)
&amp#27;[0;39m&amp#27;[39mDEBUG Iteration 7: Found improving solution (cost: 120,00, reliability: 0,990)
&amp#27;[0;39m&amp#27;[39mDEBUG Iteration 9: Found improving solution (cost: 120,00, reliability: 0,990)
&amp#27;[0;39m&amp#27;[39mDEBUG Applying diversification strategy
&amp#27;[0;39m&amp#27;[39mDEBUG Iteration 51: Found improving solution (cost: 100,00, reliability: 0,980)
&amp#27;[0;39m&amp#27;[39mDEBUG Iteration 53: Found improving solution (cost: 100,00, reliability: 0,980)
&amp#27;[0;39m&amp#27;[39mDEBUG Applying diversification strategy
&amp#27;[0;39m&amp#27;[39mDEBUG Applying diversification strategy
&amp#27;[0;39m&amp#27;[39mDEBUG Applying diversification strategy
&amp#27;[0;39m&amp#27;[39mDEBUG Applying diversification strategy
&amp#27;[0;39m&amp#27;[39mDEBUG Applying diversification strategy
&amp#27;[0;39m&amp#27;[39mDEBUG Applying diversification strategy
&amp#27;[0;39m&amp#27;[39mDEBUG Applying diversification strategy
&amp#27;[0;39m&amp#27;[39mDEBUG Applying diversification strategy
&amp#27;[0;39m&amp#27;[39mDEBUG Iteration 1: Found improving solution (cost: 120,00, reliability: 0,990)
&amp#27;[0;39m&amp#27;[39mDEBUG Iteration 3: Found improving solution (cost: 120,00, reliability: 0,990)
&amp#27;[0;39m&amp#27;[39mDEBUG Iteration 5: Found improving solution (cost: 120,00, reliability: 0,990)
&amp#27;[0;39m&amp#27;[39mDEBUG Iteration 7: Found improving solution (cost: 120,00, reliability: 0,990)
&amp#27;[0;39m&amp#27;[39mDEBUG Iteration 9: Found improving solution (cost: 120,00, reliability: 0,990)
&amp#27;[0;39m&amp#27;[39mDEBUG Applying diversification strategy
&amp#27;[0;39m&amp#27;[39mDEBUG Applying diversification strategy
&amp#27;[0;39m&amp#27;[39mDEBUG Applying diversification strategy
&amp#27;[0;39m&amp#27;[39mDEBUG Applying diversification strategy
&amp#27;[0;39m&amp#27;[39mDEBUG Applying diversification strategy
&amp#27;[0;39m&amp#27;[39mDEBUG Applying diversification strategy
&amp#27;[0;39m&amp#27;[39mDEBUG Applying diversification strategy
&amp#27;[0;39m&amp#27;[39mDEBUG Applying diversification strategy
&amp#27;[0;39m&amp#27;[39mDEBUG Applying diversification strategy
&amp#27;[0;39m&amp#27;[39mDEBUG Iteration 1: Found improving solution (cost: 120,00, reliability: 0,990)
&amp#27;[0;39m&amp#27;[39mDEBUG Iteration 3: Found improving solution (cost: 120,00, reliability: 0,990)
&amp#27;[0;39m&amp#27;[39mDEBUG Iteration 5: Found improving solution (cost: 120,00, reliability: 0,990)
&amp#27;[0;39m&amp#27;[39mDEBUG Iteration 7: Found improving solution (cost: 120,00, reliability: 0,990)
&amp#27;[0;39m&amp#27;[39mDEBUG Iteration 9: Found improving solution (cost: 120,00, reliability: 0,990)
&amp#27;[0;39m&amp#27;[39mDEBUG Applying diversification strategy
&amp#27;[0;39m&amp#27;[39mDEBUG Iteration 52: Found improving solution (cost: 100,00, reliability: 0,980)
&amp#27;[0;39m&amp#27;[39mDEBUG Iteration 54: Found improving solution (cost: 100,00, reliability: 0,980)
&amp#27;[0;39m&amp#27;[39mDEBUG Applying diversification strategy
&amp#27;[0;39m&amp#27;[39mDEBUG Applying diversification strategy
&amp#27;[0;39m&amp#27;[39mDEBUG Applying diversification strategy
&amp#27;[0;39m&amp#27;[39mDEBUG Applying diversification strategy
&amp#27;[0;39m&amp#27;[39mDEBUG Applying diversification strategy
&amp#27;[0;39m&amp#27;[39mDEBUG Applying diversification strategy
&amp#27;[0;39m&amp#27;[39mDEBUG Applying diversification strategy
&amp#27;[0;39m&amp#27;[39mDEBUG Applying diversification strategy
&amp#27;[0;39m&amp#27;[39mDEBUG Iteration 1: Found improving solution (cost: 120,00, reliability: 0,990)
&amp#27;[0;39m&amp#27;[39mDEBUG Iteration 3: Found improving solution (cost: 120,00, reliability: 0,990)
&amp#27;[0;39m&amp#27;[39mDEBUG Iteration 5: Found improving solution (cost: 120,00, reliability: 0,990)
&amp#27;[0;39m&amp#27;[39mDEBUG Iteration 7: Found improving solution (cost: 120,00, reliability: 0,990)
&amp#27;[0;39m&amp#27;[39mDEBUG Iteration 9: Found improving solution (cost: 120,00, reliability: 0,990)
&amp#27;[0;39m&amp#27;[39mDEBUG Applying diversification strategy
&amp#27;[0;39m&amp#27;[39mDEBUG Iteration 51: Found improving solution (cost: 100,00, reliability: 0,980)
&amp#27;[0;39m&amp#27;[39mDEBUG Applying diversification strategy
&amp#27;[0;39m&amp#27;[39mDEBUG Applying diversification strategy
&amp#27;[0;39m&amp#27;[39mDEBUG Applying diversification strategy
&amp#27;[0;39m&amp#27;[39mDEBUG Applying diversification strategy
&amp#27;[0;39m&amp#27;[39mDEBUG Applying diversification strategy
&amp#27;[0;39m&amp#27;[39mDEBUG Applying diversification strategy
&amp#27;[0;39m&amp#27;[39mDEBUG Applying diversification strategy
&amp#27;[0;39m&amp#27;[39mDEBUG Applying diversification strategy
&amp#27;[0;39m&amp#27;[39mDEBUG Iteration 1: Found improving solution (cost: 120,00, reliability: 0,990)
&amp#27;[0;39m&amp#27;[39mDEBUG Iteration 3: Found improving solution (cost: 120,00, reliability: 0,990)
&amp#27;[0;39m&amp#27;[39mDEBUG Iteration 5: Found improving solution (cost: 120,00, reliability: 0,990)
&amp#27;[0;39m&amp#27;[39mDEBUG Iteration 7: Found improving solution (cost: 120,00, reliability: 0,990)
&amp#27;[0;39m&amp#27;[39mDEBUG Iteration 9: Found improving solution (cost: 120,00, reliability: 0,990)
&amp#27;[0;39m&amp#27;[39mDEBUG Applying diversification strategy
&amp#27;[0;39m&amp#27;[39mDEBUG Iteration 52: Found improving solution (cost: 100,00, reliability: 0,980)
&amp#27;[0;39m&amp#27;[39mDEBUG Iteration 54: Found improving solution (cost: 100,00, reliability: 0,980)
&amp#27;[0;39m&amp#27;[39mDEBUG Applying diversification strategy
&amp#27;[0;39m&amp#27;[39mDEBUG Applying diversification strategy
&amp#27;[0;39m&amp#27;[39mDEBUG Applying diversification strategy
&amp#27;[0;39m&amp#27;[39mDEBUG Applying diversification strategy
&amp#27;[0;39m&amp#27;[39mDEBUG Applying diversification strategy
&amp#27;[0;39m&amp#27;[39mDEBUG Applying diversification strategy
&amp#27;[0;39m&amp#27;[39mDEBUG Applying diversification strategy
&amp#27;[0;39m&amp#27;[39mDEBUG Applying diversification strategy
&amp#27;[0;39m&amp#27;[34mINFO  Tabu Search completed in 36 ms, 2500 iterations, 32 improvements
&amp#27;[0;39m&amp#27;[34mINFO  Tabu Search completed. Archive size: 5, Improvements: 32
&amp#27;[0;39m&amp#27;[34mINFO  Hybrid optimization completed in 38 ms
&amp#27;[0;39m&amp#27;[34mINFO  Final archive statistics: ArchiveStats{size=5, cost=[120,00, 120,00, 120,00], reliability=[0,990, 0,990, 0,990]}
&amp#27;[0;39m&amp#27;[34mINFO  VM Allocation Optimizer initialized for instance: sample
&amp#27;[0;39m&amp#27;[34mINFO  Instance statistics: Instance Statistics:
  VMs: 3, Hosts: 3
  Avg VM reliability requirement: 0,943
  Avg Host failure probability: 0,027
  Total host activation cost: 300,00
  Resource demands vs capacities:
    CPU: 7,00 / 24,00 (29,2%)
    RAM: 14,00 / 48,00 (29,2%)
    Storage: 70,00 / 350,00 (20,0%)
    Network: 0,00 / 0,00 (0,0%)
    GPU: 0,00 / 0,00 (0,0%)

&amp#27;[0;39m&amp#27;[34mINFO  Starting hybrid optimization process...
&amp#27;[0;39m&amp#27;[34mINFO  === Phase 1: Multi-objective BRKGA ===
&amp#27;[0;39m&amp#27;[34mINFO  MOBRKGA initialized with parameters: BRKGAParameters{popSize=10, maxGen=5, elite=0,15, mutant=0,10, inheritance=0,70, archiveSize=5, NSGA2=true}
&amp#27;[0;39m&amp#27;[34mINFO  Starting MOBRKGA execution...
&amp#27;[0;39m&amp#27;[39mDEBUG Population initialized with 10 individuals
&amp#27;[0;39m&amp#27;[34mINFO  Generation 5: Archive size = 5, Avg cost = 146,00, Avg reliability = 0,987
&amp#27;[0;39m&amp#27;[34mINFO  MOBRKGA completed in 2 ms
&amp#27;[0;39m&amp#27;[34mINFO  BRKGA completed. Archive size: 5
&amp#27;[0;39m&amp#27;[34mINFO  === Phase 2: Multi-objective Tabu Search ===
&amp#27;[0;39m&amp#27;[34mINFO  Starting Tabu Search with 5 initial solutions
&amp#27;[0;39m&amp#27;[39mDEBUG Iteration 1: Found improving solution (cost: 120,00, reliability: 0,990)
&amp#27;[0;39m&amp#27;[39mDEBUG Iteration 3: Found improving solution (cost: 120,00, reliability: 0,990)
&amp#27;[0;39m&amp#27;[39mDEBUG Iteration 5: Found improving solution (cost: 120,00, reliability: 0,990)
&amp#27;[0;39m&amp#27;[39mDEBUG Iteration 7: Found improving solution (cost: 120,00, reliability: 0,990)
&amp#27;[0;39m&amp#27;[39mDEBUG Iteration 9: Found improving solution (cost: 120,00, reliability: 0,990)
&amp#27;[0;39m&amp#27;[39mDEBUG Applying diversification strategy
&amp#27;[0;39m&amp#27;[39mDEBUG Iteration 51: Found improving solution (cost: 100,00, reliability: 0,980)
&amp#27;[0;39m&amp#27;[39mDEBUG Iteration 53: Found improving solution (cost: 100,00, reliability: 0,980)
&amp#27;[0;39m&amp#27;[39mDEBUG Applying diversification strategy
&amp#27;[0;39m&amp#27;[39mDEBUG Applying diversification strategy
&amp#27;[0;39m&amp#27;[39mDEBUG Applying diversification strategy
&amp#27;[0;39m&amp#27;[39mDEBUG Applying diversification strategy
&amp#27;[0;39m&amp#27;[39mDEBUG Applying diversification strategy
&amp#27;[0;39m&amp#27;[39mDEBUG Applying diversification strategy
&amp#27;[0;39m&amp#27;[39mDEBUG Applying diversification strategy
&amp#27;[0;39m&amp#27;[39mDEBUG Applying diversification strategy
&amp#27;[0;39m&amp#27;[39mDEBUG Iteration 1: Found improving solution (cost: 120,00, reliability: 0,990)
&amp#27;[0;39m&amp#27;[39mDEBUG Iteration 3: Found improving solution (cost: 120,00, reliability: 0,990)
&amp#27;[0;39m&amp#27;[39mDEBUG Iteration 5: Found improving solution (cost: 120,00, reliability: 0,990)
&amp#27;[0;39m&amp#27;[39mDEBUG Iteration 7: Found improving solution (cost: 120,00, reliability: 0,990)
&amp#27;[0;39m&amp#27;[39mDEBUG Iteration 9: Found improving solution (cost: 120,00, reliability: 0,990)
&amp#27;[0;39m&amp#27;[39mDEBUG Applying diversification strategy
&amp#27;[0;39m&amp#27;[39mDEBUG Applying diversification strategy
&amp#27;[0;39m&amp#27;[39mDEBUG Applying diversification strategy
&amp#27;[0;39m&amp#27;[39mDEBUG Applying diversification strategy
&amp#27;[0;39m&amp#27;[39mDEBUG Applying diversification strategy
&amp#27;[0;39m&amp#27;[39mDEBUG Applying diversification strategy
&amp#27;[0;39m&amp#27;[39mDEBUG Applying diversification strategy
&amp#27;[0;39m&amp#27;[39mDEBUG Applying diversification strategy
&amp#27;[0;39m&amp#27;[39mDEBUG Applying diversification strategy
&amp#27;[0;39m&amp#27;[39mDEBUG Iteration 1: Found improving solution (cost: 120,00, reliability: 0,990)
&amp#27;[0;39m&amp#27;[39mDEBUG Iteration 3: Found improving solution (cost: 120,00, reliability: 0,990)
&amp#27;[0;39m&amp#27;[39mDEBUG Iteration 5: Found improving solution (cost: 120,00, reliability: 0,990)
&amp#27;[0;39m&amp#27;[39mDEBUG Iteration 7: Found improving solution (cost: 120,00, reliability: 0,990)
&amp#27;[0;39m&amp#27;[39mDEBUG Iteration 9: Found improving solution (cost: 120,00, reliability: 0,990)
&amp#27;[0;39m&amp#27;[39mDEBUG Applying diversification strategy
&amp#27;[0;39m&amp#27;[39mDEBUG Iteration 52: Found improving solution (cost: 100,00, reliability: 0,980)
&amp#27;[0;39m&amp#27;[39mDEBUG Iteration 54: Found improving solution (cost: 100,00, reliability: 0,980)
&amp#27;[0;39m&amp#27;[39mDEBUG Applying diversification strategy
&amp#27;[0;39m&amp#27;[39mDEBUG Applying diversification strategy
&amp#27;[0;39m&amp#27;[39mDEBUG Applying diversification strategy
&amp#27;[0;39m&amp#27;[39mDEBUG Applying diversification strategy
&amp#27;[0;39m&amp#27;[39mDEBUG Applying diversification strategy
&amp#27;[0;39m&amp#27;[39mDEBUG Applying diversification strategy
&amp#27;[0;39m&amp#27;[39mDEBUG Applying diversification strategy
&amp#27;[0;39m&amp#27;[39mDEBUG Applying diversification strategy
&amp#27;[0;39m&amp#27;[39mDEBUG Iteration 1: Found improving solution (cost: 120,00, reliability: 0,990)
&amp#27;[0;39m&amp#27;[39mDEBUG Iteration 3: Found improving solution (cost: 120,00, reliability: 0,990)
&amp#27;[0;39m&amp#27;[39mDEBUG Iteration 5: Found improving solution (cost: 120,00, reliability: 0,990)
&amp#27;[0;39m&amp#27;[39mDEBUG Iteration 7: Found improving solution (cost: 120,00, reliability: 0,990)
&amp#27;[0;39m&amp#27;[39mDEBUG Iteration 9: Found improving solution (cost: 120,00, reliability: 0,990)
&amp#27;[0;39m&amp#27;[39mDEBUG Applying diversification strategy
&amp#27;[0;39m&amp#27;[39mDEBUG Iteration 51: Found improving solution (cost: 100,00, reliability: 0,980)
&amp#27;[0;39m&amp#27;[39mDEBUG Applying diversification strategy
&amp#27;[0;39m&amp#27;[39mDEBUG Applying diversification strategy
&amp#27;[0;39m&amp#27;[39mDEBUG Applying diversification strategy
&amp#27;[0;39m&amp#27;[39mDEBUG Applying diversification strategy
&amp#27;[0;39m&amp#27;[39mDEBUG Applying diversification strategy
&amp#27;[0;39m&amp#27;[39mDEBUG Applying diversification strategy
&amp#27;[0;39m&amp#27;[39mDEBUG Applying diversification strategy
&amp#27;[0;39m&amp#27;[39mDEBUG Applying diversification strategy
&amp#27;[0;39m&amp#27;[39mDEBUG Iteration 1: Found improving solution (cost: 120,00, reliability: 0,990)
&amp#27;[0;39m&amp#27;[39mDEBUG Iteration 3: Found improving solution (cost: 120,00, reliability: 0,990)
&amp#27;[0;39m&amp#27;[39mDEBUG Iteration 5: Found improving solution (cost: 120,00, reliability: 0,990)
&amp#27;[0;39m&amp#27;[39mDEBUG Iteration 7: Found improving solution (cost: 120,00, reliability: 0,990)
&amp#27;[0;39m&amp#27;[39mDEBUG Iteration 9: Found improving solution (cost: 120,00, reliability: 0,990)
&amp#27;[0;39m&amp#27;[39mDEBUG Applying diversification strategy
&amp#27;[0;39m&amp#27;[39mDEBUG Iteration 52: Found improving solution (cost: 100,00, reliability: 0,980)
&amp#27;[0;39m&amp#27;[39mDEBUG Iteration 54: Found improving solution (cost: 100,00, reliability: 0,980)
&amp#27;[0;39m&amp#27;[39mDEBUG Applying diversification strategy
&amp#27;[0;39m&amp#27;[39mDEBUG Applying diversification strategy
&amp#27;[0;39m&amp#27;[39mDEBUG Applying diversification strategy
&amp#27;[0;39m&amp#27;[39mDEBUG Applying diversification strategy
&amp#27;[0;39m&amp#27;[39mDEBUG Applying diversification strategy
&amp#27;[0;39m&amp#27;[39mDEBUG Applying diversification strategy
&amp#27;[0;39m&amp#27;[39mDEBUG Applying diversification strategy
&amp#27;[0;39m&amp#27;[39mDEBUG Applying diversification strategy
&amp#27;[0;39m&amp#27;[34mINFO  Tabu Search completed in 34 ms, 2500 iterations, 32 improvements
&amp#27;[0;39m&amp#27;[34mINFO  Tabu Search completed. Archive size: 5, Improvements: 32
&amp#27;[0;39m&amp#27;[34mINFO  Hybrid optimization completed in 36 ms
&amp#27;[0;39m&amp#27;[34mINFO  Final archive statistics: ArchiveStats{size=5, cost=[120,00, 120,00, 120,00], reliability=[0,990, 0,990, 0,990]}
&amp#27;[0;39m]]></system-out>
    <system-err><![CDATA[SLF4J: Class path contains multiple SLF4J providers.
SLF4J: Found provider [ch.qos.logback.classic.spi.LogbackServiceProvider@77fbd92c]
SLF4J: Found provider [org.slf4j.simple.SimpleServiceProvider@67c27493]
SLF4J: See https://www.slf4j.org/codes.html#multiple_bindings for an explanation.
SLF4J: Actual provider is of type [ch.qos.logback.classic.spi.LogbackServiceProvider@77fbd92c]
]]></system-err>
  </testcase>
  <testcase name="testParameterValidation" classname="com.ramonyago.cloudsim.AppTest" time="0.005"/>
  <testcase name="testInstanceCreation" classname="com.ramonyago.cloudsim.AppTest" time="0.003"/>
  <testcase name="testParetoArchive" classname="com.ramonyago.cloudsim.AppTest" time="0.083">
    <system-out><![CDATA[&amp#27;[34mINFO  VM Allocation Optimizer initialized for instance: sample
&amp#27;[0;39m&amp#27;[34mINFO  Instance statistics: Instance Statistics:
  VMs: 3, Hosts: 3
  Avg VM reliability requirement: 0,943
  Avg Host failure probability: 0,027
  Total host activation cost: 300,00
  Resource demands vs capacities:
    CPU: 7,00 / 24,00 (29,2%)
    RAM: 14,00 / 48,00 (29,2%)
    Storage: 70,00 / 350,00 (20,0%)
    Network: 0,00 / 0,00 (0,0%)
    GPU: 0,00 / 0,00 (0,0%)

&amp#27;[0;39m&amp#27;[34mINFO  Starting hybrid optimization process...
&amp#27;[0;39m&amp#27;[34mINFO  === Phase 1: Multi-objective BRKGA ===
&amp#27;[0;39m&amp#27;[34mINFO  MOBRKGA initialized with parameters: BRKGAParameters{popSize=20, maxGen=10, elite=0,15, mutant=0,10, inheritance=0,70, archiveSize=10, NSGA2=true}
&amp#27;[0;39m&amp#27;[34mINFO  Starting MOBRKGA execution...
&amp#27;[0;39m&amp#27;[39mDEBUG Population initialized with 20 individuals
&amp#27;[0;39m&amp#27;[34mINFO  Generation 10: Archive size = 10, Avg cost = 159,00, Avg reliability = 0,985
&amp#27;[0;39m&amp#27;[34mINFO  MOBRKGA completed in 5 ms
&amp#27;[0;39m&amp#27;[34mINFO  BRKGA completed. Archive size: 10
&amp#27;[0;39m&amp#27;[34mINFO  === Phase 2: Multi-objective Tabu Search ===
&amp#27;[0;39m&amp#27;[34mINFO  Starting Tabu Search with 10 initial solutions
&amp#27;[0;39m&amp#27;[39mDEBUG Iteration 1: Found improving solution (cost: 120,00, reliability: 0,990)
&amp#27;[0;39m&amp#27;[39mDEBUG Iteration 3: Found improving solution (cost: 120,00, reliability: 0,990)
&amp#27;[0;39m&amp#27;[39mDEBUG Iteration 5: Found improving solution (cost: 120,00, reliability: 0,990)
&amp#27;[0;39m&amp#27;[39mDEBUG Iteration 7: Found improving solution (cost: 120,00, reliability: 0,990)
&amp#27;[0;39m&amp#27;[39mDEBUG Iteration 9: Found improving solution (cost: 120,00, reliability: 0,990)
&amp#27;[0;39m&amp#27;[39mDEBUG Applying diversification strategy
&amp#27;[0;39m&amp#27;[39mDEBUG Iteration 51: Found improving solution (cost: 100,00, reliability: 0,980)
&amp#27;[0;39m&amp#27;[39mDEBUG Iteration 53: Found improving solution (cost: 100,00, reliability: 0,980)
&amp#27;[0;39m&amp#27;[39mDEBUG Applying diversification strategy
&amp#27;[0;39m&amp#27;[39mDEBUG Applying diversification strategy
&amp#27;[0;39m&amp#27;[39mDEBUG Applying diversification strategy
&amp#27;[0;39m&amp#27;[39mDEBUG Applying diversification strategy
&amp#27;[0;39m&amp#27;[39mDEBUG Applying diversification strategy
&amp#27;[0;39m&amp#27;[39mDEBUG Applying diversification strategy
&amp#27;[0;39m&amp#27;[39mDEBUG Applying diversification strategy
&amp#27;[0;39m&amp#27;[39mDEBUG Applying diversification strategy
&amp#27;[0;39m&amp#27;[39mDEBUG Iteration 1: Found improving solution (cost: 120,00, reliability: 0,990)
&amp#27;[0;39m&amp#27;[39mDEBUG Iteration 3: Found improving solution (cost: 120,00, reliability: 0,990)
&amp#27;[0;39m&amp#27;[39mDEBUG Iteration 5: Found improving solution (cost: 120,00, reliability: 0,990)
&amp#27;[0;39m&amp#27;[39mDEBUG Iteration 7: Found improving solution (cost: 120,00, reliability: 0,990)
&amp#27;[0;39m&amp#27;[39mDEBUG Iteration 9: Found improving solution (cost: 120,00, reliability: 0,990)
&amp#27;[0;39m&amp#27;[39mDEBUG Applying diversification strategy
&amp#27;[0;39m&amp#27;[39mDEBUG Applying diversification strategy
&amp#27;[0;39m&amp#27;[39mDEBUG Applying diversification strategy
&amp#27;[0;39m&amp#27;[39mDEBUG Applying diversification strategy
&amp#27;[0;39m&amp#27;[39mDEBUG Applying diversification strategy
&amp#27;[0;39m&amp#27;[39mDEBUG Applying diversification strategy
&amp#27;[0;39m&amp#27;[39mDEBUG Applying diversification strategy
&amp#27;[0;39m&amp#27;[39mDEBUG Applying diversification strategy
&amp#27;[0;39m&amp#27;[39mDEBUG Applying diversification strategy
&amp#27;[0;39m&amp#27;[39mDEBUG Iteration 1: Found improving solution (cost: 120,00, reliability: 0,990)
&amp#27;[0;39m&amp#27;[39mDEBUG Iteration 3: Found improving solution (cost: 120,00, reliability: 0,990)
&amp#27;[0;39m&amp#27;[39mDEBUG Iteration 5: Found improving solution (cost: 120,00, reliability: 0,990)
&amp#27;[0;39m&amp#27;[39mDEBUG Iteration 7: Found improving solution (cost: 120,00, reliability: 0,990)
&amp#27;[0;39m&amp#27;[39mDEBUG Iteration 9: Found improving solution (cost: 120,00, reliability: 0,990)
&amp#27;[0;39m&amp#27;[39mDEBUG Applying diversification strategy
&amp#27;[0;39m&amp#27;[39mDEBUG Iteration 52: Found improving solution (cost: 100,00, reliability: 0,980)
&amp#27;[0;39m&amp#27;[39mDEBUG Iteration 54: Found improving solution (cost: 100,00, reliability: 0,980)
&amp#27;[0;39m&amp#27;[39mDEBUG Applying diversification strategy
&amp#27;[0;39m&amp#27;[39mDEBUG Applying diversification strategy
&amp#27;[0;39m&amp#27;[39mDEBUG Applying diversification strategy
&amp#27;[0;39m&amp#27;[39mDEBUG Applying diversification strategy
&amp#27;[0;39m&amp#27;[39mDEBUG Applying diversification strategy
&amp#27;[0;39m&amp#27;[39mDEBUG Applying diversification strategy
&amp#27;[0;39m&amp#27;[39mDEBUG Applying diversification strategy
&amp#27;[0;39m&amp#27;[39mDEBUG Applying diversification strategy
&amp#27;[0;39m&amp#27;[39mDEBUG Iteration 1: Found improving solution (cost: 120,00, reliability: 0,990)
&amp#27;[0;39m&amp#27;[39mDEBUG Iteration 3: Found improving solution (cost: 120,00, reliability: 0,990)
&amp#27;[0;39m&amp#27;[39mDEBUG Iteration 5: Found improving solution (cost: 120,00, reliability: 0,990)
&amp#27;[0;39m&amp#27;[39mDEBUG Iteration 7: Found improving solution (cost: 120,00, reliability: 0,990)
&amp#27;[0;39m&amp#27;[39mDEBUG Iteration 9: Found improving solution (cost: 120,00, reliability: 0,990)
&amp#27;[0;39m&amp#27;[39mDEBUG Applying diversification strategy
&amp#27;[0;39m&amp#27;[39mDEBUG Iteration 51: Found improving solution (cost: 100,00, reliability: 0,980)
&amp#27;[0;39m&amp#27;[39mDEBUG Applying diversification strategy
&amp#27;[0;39m&amp#27;[39mDEBUG Applying diversification strategy
&amp#27;[0;39m&amp#27;[39mDEBUG Applying diversification strategy
&amp#27;[0;39m&amp#27;[39mDEBUG Applying diversification strategy
&amp#27;[0;39m&amp#27;[39mDEBUG Applying diversification strategy
&amp#27;[0;39m&amp#27;[39mDEBUG Applying diversification strategy
&amp#27;[0;39m&amp#27;[39mDEBUG Applying diversification strategy
&amp#27;[0;39m&amp#27;[39mDEBUG Applying diversification strategy
&amp#27;[0;39m&amp#27;[39mDEBUG Iteration 1: Found improving solution (cost: 120,00, reliability: 0,990)
&amp#27;[0;39m&amp#27;[39mDEBUG Iteration 3: Found improving solution (cost: 120,00, reliability: 0,990)
&amp#27;[0;39m&amp#27;[39mDEBUG Iteration 5: Found improving solution (cost: 120,00, reliability: 0,990)
&amp#27;[0;39m&amp#27;[39mDEBUG Iteration 7: Found improving solution (cost: 120,00, reliability: 0,990)
&amp#27;[0;39m&amp#27;[39mDEBUG Iteration 9: Found improving solution (cost: 120,00, reliability: 0,990)
&amp#27;[0;39m&amp#27;[39mDEBUG Applying diversification strategy
&amp#27;[0;39m&amp#27;[39mDEBUG Iteration 52: Found improving solution (cost: 100,00, reliability: 0,980)
&amp#27;[0;39m&amp#27;[39mDEBUG Iteration 54: Found improving solution (cost: 100,00, reliability: 0,980)
&amp#27;[0;39m&amp#27;[39mDEBUG Applying diversification strategy
&amp#27;[0;39m&amp#27;[39mDEBUG Applying diversification strategy
&amp#27;[0;39m&amp#27;[39mDEBUG Applying diversification strategy
&amp#27;[0;39m&amp#27;[39mDEBUG Applying diversification strategy
&amp#27;[0;39m&amp#27;[39mDEBUG Applying diversification strategy
&amp#27;[0;39m&amp#27;[39mDEBUG Applying diversification strategy
&amp#27;[0;39m&amp#27;[39mDEBUG Applying diversification strategy
&amp#27;[0;39m&amp#27;[39mDEBUG Applying diversification strategy
&amp#27;[0;39m&amp#27;[39mDEBUG Iteration 1: Found improving solution (cost: 120,00, reliability: 0,990)
&amp#27;[0;39m&amp#27;[39mDEBUG Iteration 3: Found improving solution (cost: 120,00, reliability: 0,990)
&amp#27;[0;39m&amp#27;[39mDEBUG Iteration 5: Found improving solution (cost: 120,00, reliability: 0,990)
&amp#27;[0;39m&amp#27;[39mDEBUG Iteration 7: Found improving solution (cost: 120,00, reliability: 0,990)
&amp#27;[0;39m&amp#27;[39mDEBUG Iteration 9: Found improving solution (cost: 120,00, reliability: 0,990)
&amp#27;[0;39m&amp#27;[39mDEBUG Applying diversification strategy
&amp#27;[0;39m&amp#27;[39mDEBUG Applying diversification strategy
&amp#27;[0;39m&amp#27;[39mDEBUG Applying diversification strategy
&amp#27;[0;39m&amp#27;[39mDEBUG Applying diversification strategy
&amp#27;[0;39m&amp#27;[39mDEBUG Applying diversification strategy
&amp#27;[0;39m&amp#27;[39mDEBUG Applying diversification strategy
&amp#27;[0;39m&amp#27;[39mDEBUG Applying diversification strategy
&amp#27;[0;39m&amp#27;[39mDEBUG Applying diversification strategy
&amp#27;[0;39m&amp#27;[39mDEBUG Applying diversification strategy
&amp#27;[0;39m&amp#27;[39mDEBUG Iteration 1: Found improving solution (cost: 120,00, reliability: 0,990)
&amp#27;[0;39m&amp#27;[39mDEBUG Iteration 3: Found improving solution (cost: 120,00, reliability: 0,990)
&amp#27;[0;39m&amp#27;[39mDEBUG Iteration 5: Found improving solution (cost: 120,00, reliability: 0,990)
&amp#27;[0;39m&amp#27;[39mDEBUG Iteration 7: Found improving solution (cost: 120,00, reliability: 0,990)
&amp#27;[0;39m&amp#27;[39mDEBUG Iteration 9: Found improving solution (cost: 120,00, reliability: 0,990)
&amp#27;[0;39m&amp#27;[39mDEBUG Applying diversification strategy
&amp#27;[0;39m&amp#27;[39mDEBUG Applying diversification strategy
&amp#27;[0;39m&amp#27;[39mDEBUG Applying diversification strategy
&amp#27;[0;39m&amp#27;[39mDEBUG Applying diversification strategy
&amp#27;[0;39m&amp#27;[39mDEBUG Applying diversification strategy
&amp#27;[0;39m&amp#27;[39mDEBUG Applying diversification strategy
&amp#27;[0;39m&amp#27;[39mDEBUG Applying diversification strategy
&amp#27;[0;39m&amp#27;[39mDEBUG Applying diversification strategy
&amp#27;[0;39m&amp#27;[39mDEBUG Applying diversification strategy
&amp#27;[0;39m&amp#27;[39mDEBUG Iteration 1: Found improving solution (cost: 120,00, reliability: 0,990)
&amp#27;[0;39m&amp#27;[39mDEBUG Iteration 3: Found improving solution (cost: 120,00, reliability: 0,990)
&amp#27;[0;39m&amp#27;[39mDEBUG Iteration 5: Found improving solution (cost: 120,00, reliability: 0,990)
&amp#27;[0;39m&amp#27;[39mDEBUG Iteration 7: Found improving solution (cost: 120,00, reliability: 0,990)
&amp#27;[0;39m&amp#27;[39mDEBUG Iteration 9: Found improving solution (cost: 120,00, reliability: 0,990)
&amp#27;[0;39m&amp#27;[39mDEBUG Applying diversification strategy
&amp#27;[0;39m&amp#27;[39mDEBUG Applying diversification strategy
&amp#27;[0;39m&amp#27;[39mDEBUG Applying diversification strategy
&amp#27;[0;39m&amp#27;[39mDEBUG Applying diversification strategy
&amp#27;[0;39m&amp#27;[39mDEBUG Applying diversification strategy
&amp#27;[0;39m&amp#27;[39mDEBUG Applying diversification strategy
&amp#27;[0;39m&amp#27;[39mDEBUG Applying diversification strategy
&amp#27;[0;39m&amp#27;[39mDEBUG Applying diversification strategy
&amp#27;[0;39m&amp#27;[39mDEBUG Applying diversification strategy
&amp#27;[0;39m&amp#27;[39mDEBUG Iteration 1: Found improving solution (cost: 120,00, reliability: 0,990)
&amp#27;[0;39m&amp#27;[39mDEBUG Iteration 3: Found improving solution (cost: 120,00, reliability: 0,990)
&amp#27;[0;39m&amp#27;[39mDEBUG Iteration 5: Found improving solution (cost: 120,00, reliability: 0,990)
&amp#27;[0;39m&amp#27;[39mDEBUG Iteration 7: Found improving solution (cost: 120,00, reliability: 0,990)
&amp#27;[0;39m&amp#27;[39mDEBUG Iteration 9: Found improving solution (cost: 120,00, reliability: 0,990)
&amp#27;[0;39m&amp#27;[39mDEBUG Applying diversification strategy
&amp#27;[0;39m&amp#27;[39mDEBUG Applying diversification strategy
&amp#27;[0;39m&amp#27;[39mDEBUG Applying diversification strategy
&amp#27;[0;39m&amp#27;[39mDEBUG Applying diversification strategy
&amp#27;[0;39m&amp#27;[39mDEBUG Applying diversification strategy
&amp#27;[0;39m&amp#27;[39mDEBUG Applying diversification strategy
&amp#27;[0;39m&amp#27;[39mDEBUG Applying diversification strategy
&amp#27;[0;39m&amp#27;[39mDEBUG Applying diversification strategy
&amp#27;[0;39m&amp#27;[39mDEBUG Applying diversification strategy
&amp#27;[0;39m&amp#27;[39mDEBUG Iteration 1: Found improving solution (cost: 120,00, reliability: 0,990)
&amp#27;[0;39m&amp#27;[39mDEBUG Iteration 3: Found improving solution (cost: 120,00, reliability: 0,990)
&amp#27;[0;39m&amp#27;[39mDEBUG Iteration 5: Found improving solution (cost: 120,00, reliability: 0,990)
&amp#27;[0;39m&amp#27;[39mDEBUG Iteration 7: Found improving solution (cost: 120,00, reliability: 0,990)
&amp#27;[0;39m&amp#27;[39mDEBUG Iteration 9: Found improving solution (cost: 120,00, reliability: 0,990)
&amp#27;[0;39m&amp#27;[39mDEBUG Applying diversification strategy
&amp#27;[0;39m&amp#27;[39mDEBUG Applying diversification strategy
&amp#27;[0;39m&amp#27;[39mDEBUG Applying diversification strategy
&amp#27;[0;39m&amp#27;[39mDEBUG Applying diversification strategy
&amp#27;[0;39m&amp#27;[39mDEBUG Applying diversification strategy
&amp#27;[0;39m&amp#27;[39mDEBUG Applying diversification strategy
&amp#27;[0;39m&amp#27;[39mDEBUG Applying diversification strategy
&amp#27;[0;39m&amp#27;[39mDEBUG Applying diversification strategy
&amp#27;[0;39m&amp#27;[39mDEBUG Applying diversification strategy
&amp#27;[0;39m&amp#27;[34mINFO  Tabu Search completed in 70 ms, 5000 iterations, 57 improvements
&amp#27;[0;39m&amp#27;[34mINFO  Tabu Search completed. Archive size: 10, Improvements: 57
&amp#27;[0;39m&amp#27;[34mINFO  Hybrid optimization completed in 76 ms
&amp#27;[0;39m&amp#27;[34mINFO  Final archive statistics: ArchiveStats{size=10, cost=[120,00, 120,00, 120,00], reliability=[0,990, 0,990, 0,990]}
&amp#27;[0;39m]]></system-out>
  </testcase>
  <testcase name="testOptimizationExecution" classname="com.ramonyago.cloudsim.AppTest" time="0.055">
    <system-out><![CDATA[&amp#27;[34mINFO  VM Allocation Optimizer initialized for instance: sample
&amp#27;[0;39m&amp#27;[34mINFO  Instance statistics: Instance Statistics:
  VMs: 3, Hosts: 3
  Avg VM reliability requirement: 0,943
  Avg Host failure probability: 0,027
  Total host activation cost: 300,00
  Resource demands vs capacities:
    CPU: 7,00 / 24,00 (29,2%)
    RAM: 14,00 / 48,00 (29,2%)
    Storage: 70,00 / 350,00 (20,0%)
    Network: 0,00 / 0,00 (0,0%)
    GPU: 0,00 / 0,00 (0,0%)

&amp#27;[0;39m&amp#27;[34mINFO  Starting hybrid optimization process...
&amp#27;[0;39m&amp#27;[34mINFO  === Phase 1: Multi-objective BRKGA ===
&amp#27;[0;39m&amp#27;[34mINFO  MOBRKGA initialized with parameters: BRKGAParameters{popSize=20, maxGen=10, elite=0,15, mutant=0,10, inheritance=0,70, archiveSize=10, NSGA2=true}
&amp#27;[0;39m&amp#27;[34mINFO  Starting MOBRKGA execution...
&amp#27;[0;39m&amp#27;[39mDEBUG Population initialized with 20 individuals
&amp#27;[0;39m&amp#27;[34mINFO  Generation 10: Archive size = 10, Avg cost = 159,00, Avg reliability = 0,985
&amp#27;[0;39m&amp#27;[34mINFO  MOBRKGA completed in 3 ms
&amp#27;[0;39m&amp#27;[34mINFO  BRKGA completed. Archive size: 10
&amp#27;[0;39m&amp#27;[34mINFO  === Phase 2: Multi-objective Tabu Search ===
&amp#27;[0;39m&amp#27;[34mINFO  Starting Tabu Search with 10 initial solutions
&amp#27;[0;39m&amp#27;[39mDEBUG Iteration 1: Found improving solution (cost: 120,00, reliability: 0,990)
&amp#27;[0;39m&amp#27;[39mDEBUG Iteration 3: Found improving solution (cost: 120,00, reliability: 0,990)
&amp#27;[0;39m&amp#27;[39mDEBUG Iteration 5: Found improving solution (cost: 120,00, reliability: 0,990)
&amp#27;[0;39m&amp#27;[39mDEBUG Iteration 7: Found improving solution (cost: 120,00, reliability: 0,990)
&amp#27;[0;39m&amp#27;[39mDEBUG Iteration 9: Found improving solution (cost: 120,00, reliability: 0,990)
&amp#27;[0;39m&amp#27;[39mDEBUG Applying diversification strategy
&amp#27;[0;39m&amp#27;[39mDEBUG Iteration 51: Found improving solution (cost: 100,00, reliability: 0,980)
&amp#27;[0;39m&amp#27;[39mDEBUG Iteration 53: Found improving solution (cost: 100,00, reliability: 0,980)
&amp#27;[0;39m&amp#27;[39mDEBUG Applying diversification strategy
&amp#27;[0;39m&amp#27;[39mDEBUG Applying diversification strategy
&amp#27;[0;39m&amp#27;[39mDEBUG Applying diversification strategy
&amp#27;[0;39m&amp#27;[39mDEBUG Applying diversification strategy
&amp#27;[0;39m&amp#27;[39mDEBUG Applying diversification strategy
&amp#27;[0;39m&amp#27;[39mDEBUG Applying diversification strategy
&amp#27;[0;39m&amp#27;[39mDEBUG Applying diversification strategy
&amp#27;[0;39m&amp#27;[39mDEBUG Applying diversification strategy
&amp#27;[0;39m&amp#27;[39mDEBUG Iteration 1: Found improving solution (cost: 120,00, reliability: 0,990)
&amp#27;[0;39m&amp#27;[39mDEBUG Iteration 3: Found improving solution (cost: 120,00, reliability: 0,990)
&amp#27;[0;39m&amp#27;[39mDEBUG Iteration 5: Found improving solution (cost: 120,00, reliability: 0,990)
&amp#27;[0;39m&amp#27;[39mDEBUG Iteration 7: Found improving solution (cost: 120,00, reliability: 0,990)
&amp#27;[0;39m&amp#27;[39mDEBUG Iteration 9: Found improving solution (cost: 120,00, reliability: 0,990)
&amp#27;[0;39m&amp#27;[39mDEBUG Applying diversification strategy
&amp#27;[0;39m&amp#27;[39mDEBUG Applying diversification strategy
&amp#27;[0;39m&amp#27;[39mDEBUG Applying diversification strategy
&amp#27;[0;39m&amp#27;[39mDEBUG Applying diversification strategy
&amp#27;[0;39m&amp#27;[39mDEBUG Applying diversification strategy
&amp#27;[0;39m&amp#27;[39mDEBUG Applying diversification strategy
&amp#27;[0;39m&amp#27;[39mDEBUG Applying diversification strategy
&amp#27;[0;39m&amp#27;[39mDEBUG Applying diversification strategy
&amp#27;[0;39m&amp#27;[39mDEBUG Applying diversification strategy
&amp#27;[0;39m&amp#27;[39mDEBUG Iteration 1: Found improving solution (cost: 120,00, reliability: 0,990)
&amp#27;[0;39m&amp#27;[39mDEBUG Iteration 3: Found improving solution (cost: 120,00, reliability: 0,990)
&amp#27;[0;39m&amp#27;[39mDEBUG Iteration 5: Found improving solution (cost: 120,00, reliability: 0,990)
&amp#27;[0;39m&amp#27;[39mDEBUG Iteration 7: Found improving solution (cost: 120,00, reliability: 0,990)
&amp#27;[0;39m&amp#27;[39mDEBUG Iteration 9: Found improving solution (cost: 120,00, reliability: 0,990)
&amp#27;[0;39m&amp#27;[39mDEBUG Applying diversification strategy
&amp#27;[0;39m&amp#27;[39mDEBUG Iteration 52: Found improving solution (cost: 100,00, reliability: 0,980)
&amp#27;[0;39m&amp#27;[39mDEBUG Iteration 54: Found improving solution (cost: 100,00, reliability: 0,980)
&amp#27;[0;39m&amp#27;[39mDEBUG Applying diversification strategy
&amp#27;[0;39m&amp#27;[39mDEBUG Applying diversification strategy
&amp#27;[0;39m&amp#27;[39mDEBUG Applying diversification strategy
&amp#27;[0;39m&amp#27;[39mDEBUG Applying diversification strategy
&amp#27;[0;39m&amp#27;[39mDEBUG Applying diversification strategy
&amp#27;[0;39m&amp#27;[39mDEBUG Applying diversification strategy
&amp#27;[0;39m&amp#27;[39mDEBUG Applying diversification strategy
&amp#27;[0;39m&amp#27;[39mDEBUG Applying diversification strategy
&amp#27;[0;39m&amp#27;[39mDEBUG Iteration 1: Found improving solution (cost: 120,00, reliability: 0,990)
&amp#27;[0;39m&amp#27;[39mDEBUG Iteration 3: Found improving solution (cost: 120,00, reliability: 0,990)
&amp#27;[0;39m&amp#27;[39mDEBUG Iteration 5: Found improving solution (cost: 120,00, reliability: 0,990)
&amp#27;[0;39m&amp#27;[39mDEBUG Iteration 7: Found improving solution (cost: 120,00, reliability: 0,990)
&amp#27;[0;39m&amp#27;[39mDEBUG Iteration 9: Found improving solution (cost: 120,00, reliability: 0,990)
&amp#27;[0;39m&amp#27;[39mDEBUG Applying diversification strategy
&amp#27;[0;39m&amp#27;[39mDEBUG Iteration 51: Found improving solution (cost: 100,00, reliability: 0,980)
&amp#27;[0;39m&amp#27;[39mDEBUG Applying diversification strategy
&amp#27;[0;39m&amp#27;[39mDEBUG Applying diversification strategy
&amp#27;[0;39m&amp#27;[39mDEBUG Applying diversification strategy
&amp#27;[0;39m&amp#27;[39mDEBUG Applying diversification strategy
&amp#27;[0;39m&amp#27;[39mDEBUG Applying diversification strategy
&amp#27;[0;39m&amp#27;[39mDEBUG Applying diversification strategy
&amp#27;[0;39m&amp#27;[39mDEBUG Applying diversification strategy
&amp#27;[0;39m&amp#27;[39mDEBUG Applying diversification strategy
&amp#27;[0;39m&amp#27;[39mDEBUG Iteration 1: Found improving solution (cost: 120,00, reliability: 0,990)
&amp#27;[0;39m&amp#27;[39mDEBUG Iteration 3: Found improving solution (cost: 120,00, reliability: 0,990)
&amp#27;[0;39m&amp#27;[39mDEBUG Iteration 5: Found improving solution (cost: 120,00, reliability: 0,990)
&amp#27;[0;39m&amp#27;[39mDEBUG Iteration 7: Found improving solution (cost: 120,00, reliability: 0,990)
&amp#27;[0;39m&amp#27;[39mDEBUG Iteration 9: Found improving solution (cost: 120,00, reliability: 0,990)
&amp#27;[0;39m&amp#27;[39mDEBUG Applying diversification strategy
&amp#27;[0;39m&amp#27;[39mDEBUG Iteration 52: Found improving solution (cost: 100,00, reliability: 0,980)
&amp#27;[0;39m&amp#27;[39mDEBUG Iteration 54: Found improving solution (cost: 100,00, reliability: 0,980)
&amp#27;[0;39m&amp#27;[39mDEBUG Applying diversification strategy
&amp#27;[0;39m&amp#27;[39mDEBUG Applying diversification strategy
&amp#27;[0;39m&amp#27;[39mDEBUG Applying diversification strategy
&amp#27;[0;39m&amp#27;[39mDEBUG Applying diversification strategy
&amp#27;[0;39m&amp#27;[39mDEBUG Applying diversification strategy
&amp#27;[0;39m&amp#27;[39mDEBUG Applying diversification strategy
&amp#27;[0;39m&amp#27;[39mDEBUG Applying diversification strategy
&amp#27;[0;39m&amp#27;[39mDEBUG Applying diversification strategy
&amp#27;[0;39m&amp#27;[39mDEBUG Iteration 1: Found improving solution (cost: 120,00, reliability: 0,990)
&amp#27;[0;39m&amp#27;[39mDEBUG Iteration 3: Found improving solution (cost: 120,00, reliability: 0,990)
&amp#27;[0;39m&amp#27;[39mDEBUG Iteration 5: Found improving solution (cost: 120,00, reliability: 0,990)
&amp#27;[0;39m&amp#27;[39mDEBUG Iteration 7: Found improving solution (cost: 120,00, reliability: 0,990)
&amp#27;[0;39m&amp#27;[39mDEBUG Iteration 9: Found improving solution (cost: 120,00, reliability: 0,990)
&amp#27;[0;39m&amp#27;[39mDEBUG Applying diversification strategy
&amp#27;[0;39m&amp#27;[39mDEBUG Applying diversification strategy
&amp#27;[0;39m&amp#27;[39mDEBUG Applying diversification strategy
&amp#27;[0;39m&amp#27;[39mDEBUG Applying diversification strategy
&amp#27;[0;39m&amp#27;[39mDEBUG Applying diversification strategy
&amp#27;[0;39m&amp#27;[39mDEBUG Applying diversification strategy
&amp#27;[0;39m&amp#27;[39mDEBUG Applying diversification strategy
&amp#27;[0;39m&amp#27;[39mDEBUG Applying diversification strategy
&amp#27;[0;39m&amp#27;[39mDEBUG Applying diversification strategy
&amp#27;[0;39m&amp#27;[39mDEBUG Iteration 1: Found improving solution (cost: 120,00, reliability: 0,990)
&amp#27;[0;39m&amp#27;[39mDEBUG Iteration 3: Found improving solution (cost: 120,00, reliability: 0,990)
&amp#27;[0;39m&amp#27;[39mDEBUG Iteration 5: Found improving solution (cost: 120,00, reliability: 0,990)
&amp#27;[0;39m&amp#27;[39mDEBUG Iteration 7: Found improving solution (cost: 120,00, reliability: 0,990)
&amp#27;[0;39m&amp#27;[39mDEBUG Iteration 9: Found improving solution (cost: 120,00, reliability: 0,990)
&amp#27;[0;39m&amp#27;[39mDEBUG Applying diversification strategy
&amp#27;[0;39m&amp#27;[39mDEBUG Applying diversification strategy
&amp#27;[0;39m&amp#27;[39mDEBUG Applying diversification strategy
&amp#27;[0;39m&amp#27;[39mDEBUG Applying diversification strategy
&amp#27;[0;39m&amp#27;[39mDEBUG Applying diversification strategy
&amp#27;[0;39m&amp#27;[39mDEBUG Applying diversification strategy
&amp#27;[0;39m&amp#27;[39mDEBUG Applying diversification strategy
&amp#27;[0;39m&amp#27;[39mDEBUG Applying diversification strategy
&amp#27;[0;39m&amp#27;[39mDEBUG Applying diversification strategy
&amp#27;[0;39m&amp#27;[39mDEBUG Iteration 1: Found improving solution (cost: 120,00, reliability: 0,990)
&amp#27;[0;39m&amp#27;[39mDEBUG Iteration 3: Found improving solution (cost: 120,00, reliability: 0,990)
&amp#27;[0;39m&amp#27;[39mDEBUG Iteration 5: Found improving solution (cost: 120,00, reliability: 0,990)
&amp#27;[0;39m&amp#27;[39mDEBUG Iteration 7: Found improving solution (cost: 120,00, reliability: 0,990)
&amp#27;[0;39m&amp#27;[39mDEBUG Iteration 9: Found improving solution (cost: 120,00, reliability: 0,990)
&amp#27;[0;39m&amp#27;[39mDEBUG Applying diversification strategy
&amp#27;[0;39m&amp#27;[39mDEBUG Applying diversification strategy
&amp#27;[0;39m&amp#27;[39mDEBUG Applying diversification strategy
&amp#27;[0;39m&amp#27;[39mDEBUG Applying diversification strategy
&amp#27;[0;39m&amp#27;[39mDEBUG Applying diversification strategy
&amp#27;[0;39m&amp#27;[39mDEBUG Applying diversification strategy
&amp#27;[0;39m&amp#27;[39mDEBUG Applying diversification strategy
&amp#27;[0;39m&amp#27;[39mDEBUG Applying diversification strategy
&amp#27;[0;39m&amp#27;[39mDEBUG Applying diversification strategy
&amp#27;[0;39m&amp#27;[39mDEBUG Iteration 1: Found improving solution (cost: 120,00, reliability: 0,990)
&amp#27;[0;39m&amp#27;[39mDEBUG Iteration 3: Found improving solution (cost: 120,00, reliability: 0,990)
&amp#27;[0;39m&amp#27;[39mDEBUG Iteration 5: Found improving solution (cost: 120,00, reliability: 0,990)
&amp#27;[0;39m&amp#27;[39mDEBUG Iteration 7: Found improving solution (cost: 120,00, reliability: 0,990)
&amp#27;[0;39m&amp#27;[39mDEBUG Iteration 9: Found improving solution (cost: 120,00, reliability: 0,990)
&amp#27;[0;39m&amp#27;[39mDEBUG Applying diversification strategy
&amp#27;[0;39m&amp#27;[39mDEBUG Applying diversification strategy
&amp#27;[0;39m&amp#27;[39mDEBUG Applying diversification strategy
&amp#27;[0;39m&amp#27;[39mDEBUG Applying diversification strategy
&amp#27;[0;39m&amp#27;[39mDEBUG Applying diversification strategy
&amp#27;[0;39m&amp#27;[39mDEBUG Applying diversification strategy
&amp#27;[0;39m&amp#27;[39mDEBUG Applying diversification strategy
&amp#27;[0;39m&amp#27;[39mDEBUG Applying diversification strategy
&amp#27;[0;39m&amp#27;[39mDEBUG Applying diversification strategy
&amp#27;[0;39m&amp#27;[39mDEBUG Iteration 1: Found improving solution (cost: 120,00, reliability: 0,990)
&amp#27;[0;39m&amp#27;[39mDEBUG Iteration 3: Found improving solution (cost: 120,00, reliability: 0,990)
&amp#27;[0;39m&amp#27;[39mDEBUG Iteration 5: Found improving solution (cost: 120,00, reliability: 0,990)
&amp#27;[0;39m&amp#27;[39mDEBUG Iteration 7: Found improving solution (cost: 120,00, reliability: 0,990)
&amp#27;[0;39m&amp#27;[39mDEBUG Iteration 9: Found improving solution (cost: 120,00, reliability: 0,990)
&amp#27;[0;39m&amp#27;[39mDEBUG Applying diversification strategy
&amp#27;[0;39m&amp#27;[39mDEBUG Applying diversification strategy
&amp#27;[0;39m&amp#27;[39mDEBUG Applying diversification strategy
&amp#27;[0;39m&amp#27;[39mDEBUG Applying diversification strategy
&amp#27;[0;39m&amp#27;[39mDEBUG Applying diversification strategy
&amp#27;[0;39m&amp#27;[39mDEBUG Applying diversification strategy
&amp#27;[0;39m&amp#27;[39mDEBUG Applying diversification strategy
&amp#27;[0;39m&amp#27;[39mDEBUG Applying diversification strategy
&amp#27;[0;39m&amp#27;[39mDEBUG Applying diversification strategy
&amp#27;[0;39m&amp#27;[34mINFO  Tabu Search completed in 50 ms, 5000 iterations, 57 improvements
&amp#27;[0;39m&amp#27;[34mINFO  Tabu Search completed. Archive size: 10, Improvements: 57
&amp#27;[0;39m&amp#27;[34mINFO  Hybrid optimization completed in 53 ms
&amp#27;[0;39m&amp#27;[34mINFO  Final archive statistics: ArchiveStats{size=10, cost=[120,00, 120,00, 120,00], reliability=[0,990, 0,990, 0,990]}
&amp#27;[0;39m]]></system-out>
  </testcase>
  <testcase name="testInstanceFromJSON" classname="com.ramonyago.cloudsim.AppTest" time="0.001"/>
  <testcase name="testSolutionObjectives" classname="com.ramonyago.cloudsim.AppTest" time="0.059">
    <system-out><![CDATA[&amp#27;[34mINFO  VM Allocation Optimizer initialized for instance: sample
&amp#27;[0;39m&amp#27;[34mINFO  Instance statistics: Instance Statistics:
  VMs: 3, Hosts: 3
  Avg VM reliability requirement: 0,943
  Avg Host failure probability: 0,027
  Total host activation cost: 300,00
  Resource demands vs capacities:
    CPU: 7,00 / 24,00 (29,2%)
    RAM: 14,00 / 48,00 (29,2%)
    Storage: 70,00 / 350,00 (20,0%)
    Network: 0,00 / 0,00 (0,0%)
    GPU: 0,00 / 0,00 (0,0%)

&amp#27;[0;39m&amp#27;[34mINFO  Starting hybrid optimization process...
&amp#27;[0;39m&amp#27;[34mINFO  === Phase 1: Multi-objective BRKGA ===
&amp#27;[0;39m&amp#27;[34mINFO  MOBRKGA initialized with parameters: BRKGAParameters{popSize=20, maxGen=10, elite=0,15, mutant=0,10, inheritance=0,70, archiveSize=10, NSGA2=true}
&amp#27;[0;39m&amp#27;[34mINFO  Starting MOBRKGA execution...
&amp#27;[0;39m&amp#27;[39mDEBUG Population initialized with 20 individuals
&amp#27;[0;39m&amp#27;[34mINFO  Generation 10: Archive size = 10, Avg cost = 159,00, Avg reliability = 0,985
&amp#27;[0;39m&amp#27;[34mINFO  MOBRKGA completed in 3 ms
&amp#27;[0;39m&amp#27;[34mINFO  BRKGA completed. Archive size: 10
&amp#27;[0;39m&amp#27;[34mINFO  === Phase 2: Multi-objective Tabu Search ===
&amp#27;[0;39m&amp#27;[34mINFO  Starting Tabu Search with 10 initial solutions
&amp#27;[0;39m&amp#27;[39mDEBUG Iteration 1: Found improving solution (cost: 120,00, reliability: 0,990)
&amp#27;[0;39m&amp#27;[39mDEBUG Iteration 3: Found improving solution (cost: 120,00, reliability: 0,990)
&amp#27;[0;39m&amp#27;[39mDEBUG Iteration 5: Found improving solution (cost: 120,00, reliability: 0,990)
&amp#27;[0;39m&amp#27;[39mDEBUG Iteration 7: Found improving solution (cost: 120,00, reliability: 0,990)
&amp#27;[0;39m&amp#27;[39mDEBUG Iteration 9: Found improving solution (cost: 120,00, reliability: 0,990)
&amp#27;[0;39m&amp#27;[39mDEBUG Applying diversification strategy
&amp#27;[0;39m&amp#27;[39mDEBUG Iteration 51: Found improving solution (cost: 100,00, reliability: 0,980)
&amp#27;[0;39m&amp#27;[39mDEBUG Iteration 53: Found improving solution (cost: 100,00, reliability: 0,980)
&amp#27;[0;39m&amp#27;[39mDEBUG Applying diversification strategy
&amp#27;[0;39m&amp#27;[39mDEBUG Applying diversification strategy
&amp#27;[0;39m&amp#27;[39mDEBUG Applying diversification strategy
&amp#27;[0;39m&amp#27;[39mDEBUG Applying diversification strategy
&amp#27;[0;39m&amp#27;[39mDEBUG Applying diversification strategy
&amp#27;[0;39m&amp#27;[39mDEBUG Applying diversification strategy
&amp#27;[0;39m&amp#27;[39mDEBUG Applying diversification strategy
&amp#27;[0;39m&amp#27;[39mDEBUG Applying diversification strategy
&amp#27;[0;39m&amp#27;[39mDEBUG Iteration 1: Found improving solution (cost: 120,00, reliability: 0,990)
&amp#27;[0;39m&amp#27;[39mDEBUG Iteration 3: Found improving solution (cost: 120,00, reliability: 0,990)
&amp#27;[0;39m&amp#27;[39mDEBUG Iteration 5: Found improving solution (cost: 120,00, reliability: 0,990)
&amp#27;[0;39m&amp#27;[39mDEBUG Iteration 7: Found improving solution (cost: 120,00, reliability: 0,990)
&amp#27;[0;39m&amp#27;[39mDEBUG Iteration 9: Found improving solution (cost: 120,00, reliability: 0,990)
&amp#27;[0;39m&amp#27;[39mDEBUG Applying diversification strategy
&amp#27;[0;39m&amp#27;[39mDEBUG Applying diversification strategy
&amp#27;[0;39m&amp#27;[39mDEBUG Applying diversification strategy
&amp#27;[0;39m&amp#27;[39mDEBUG Applying diversification strategy
&amp#27;[0;39m&amp#27;[39mDEBUG Applying diversification strategy
&amp#27;[0;39m&amp#27;[39mDEBUG Applying diversification strategy
&amp#27;[0;39m&amp#27;[39mDEBUG Applying diversification strategy
&amp#27;[0;39m&amp#27;[39mDEBUG Applying diversification strategy
&amp#27;[0;39m&amp#27;[39mDEBUG Applying diversification strategy
&amp#27;[0;39m&amp#27;[39mDEBUG Iteration 1: Found improving solution (cost: 120,00, reliability: 0,990)
&amp#27;[0;39m&amp#27;[39mDEBUG Iteration 3: Found improving solution (cost: 120,00, reliability: 0,990)
&amp#27;[0;39m&amp#27;[39mDEBUG Iteration 5: Found improving solution (cost: 120,00, reliability: 0,990)
&amp#27;[0;39m&amp#27;[39mDEBUG Iteration 7: Found improving solution (cost: 120,00, reliability: 0,990)
&amp#27;[0;39m&amp#27;[39mDEBUG Iteration 9: Found improving solution (cost: 120,00, reliability: 0,990)
&amp#27;[0;39m&amp#27;[39mDEBUG Applying diversification strategy
&amp#27;[0;39m&amp#27;[39mDEBUG Iteration 52: Found improving solution (cost: 100,00, reliability: 0,980)
&amp#27;[0;39m&amp#27;[39mDEBUG Iteration 54: Found improving solution (cost: 100,00, reliability: 0,980)
&amp#27;[0;39m&amp#27;[39mDEBUG Applying diversification strategy
&amp#27;[0;39m&amp#27;[39mDEBUG Applying diversification strategy
&amp#27;[0;39m&amp#27;[39mDEBUG Applying diversification strategy
&amp#27;[0;39m&amp#27;[39mDEBUG Applying diversification strategy
&amp#27;[0;39m&amp#27;[39mDEBUG Applying diversification strategy
&amp#27;[0;39m&amp#27;[39mDEBUG Applying diversification strategy
&amp#27;[0;39m&amp#27;[39mDEBUG Applying diversification strategy
&amp#27;[0;39m&amp#27;[39mDEBUG Applying diversification strategy
&amp#27;[0;39m&amp#27;[39mDEBUG Iteration 1: Found improving solution (cost: 120,00, reliability: 0,990)
&amp#27;[0;39m&amp#27;[39mDEBUG Iteration 3: Found improving solution (cost: 120,00, reliability: 0,990)
&amp#27;[0;39m&amp#27;[39mDEBUG Iteration 5: Found improving solution (cost: 120,00, reliability: 0,990)
&amp#27;[0;39m&amp#27;[39mDEBUG Iteration 7: Found improving solution (cost: 120,00, reliability: 0,990)
&amp#27;[0;39m&amp#27;[39mDEBUG Iteration 9: Found improving solution (cost: 120,00, reliability: 0,990)
&amp#27;[0;39m&amp#27;[39mDEBUG Applying diversification strategy
&amp#27;[0;39m&amp#27;[39mDEBUG Iteration 51: Found improving solution (cost: 100,00, reliability: 0,980)
&amp#27;[0;39m&amp#27;[39mDEBUG Applying diversification strategy
&amp#27;[0;39m&amp#27;[39mDEBUG Applying diversification strategy
&amp#27;[0;39m&amp#27;[39mDEBUG Applying diversification strategy
&amp#27;[0;39m&amp#27;[39mDEBUG Applying diversification strategy
&amp#27;[0;39m&amp#27;[39mDEBUG Applying diversification strategy
&amp#27;[0;39m&amp#27;[39mDEBUG Applying diversification strategy
&amp#27;[0;39m&amp#27;[39mDEBUG Applying diversification strategy
&amp#27;[0;39m&amp#27;[39mDEBUG Applying diversification strategy
&amp#27;[0;39m&amp#27;[39mDEBUG Iteration 1: Found improving solution (cost: 120,00, reliability: 0,990)
&amp#27;[0;39m&amp#27;[39mDEBUG Iteration 3: Found improving solution (cost: 120,00, reliability: 0,990)
&amp#27;[0;39m&amp#27;[39mDEBUG Iteration 5: Found improving solution (cost: 120,00, reliability: 0,990)
&amp#27;[0;39m&amp#27;[39mDEBUG Iteration 7: Found improving solution (cost: 120,00, reliability: 0,990)
&amp#27;[0;39m&amp#27;[39mDEBUG Iteration 9: Found improving solution (cost: 120,00, reliability: 0,990)
&amp#27;[0;39m&amp#27;[39mDEBUG Applying diversification strategy
&amp#27;[0;39m&amp#27;[39mDEBUG Iteration 52: Found improving solution (cost: 100,00, reliability: 0,980)
&amp#27;[0;39m&amp#27;[39mDEBUG Iteration 54: Found improving solution (cost: 100,00, reliability: 0,980)
&amp#27;[0;39m&amp#27;[39mDEBUG Applying diversification strategy
&amp#27;[0;39m&amp#27;[39mDEBUG Applying diversification strategy
&amp#27;[0;39m&amp#27;[39mDEBUG Applying diversification strategy
&amp#27;[0;39m&amp#27;[39mDEBUG Applying diversification strategy
&amp#27;[0;39m&amp#27;[39mDEBUG Applying diversification strategy
&amp#27;[0;39m&amp#27;[39mDEBUG Applying diversification strategy
&amp#27;[0;39m&amp#27;[39mDEBUG Applying diversification strategy
&amp#27;[0;39m&amp#27;[39mDEBUG Applying diversification strategy
&amp#27;[0;39m&amp#27;[39mDEBUG Iteration 1: Found improving solution (cost: 120,00, reliability: 0,990)
&amp#27;[0;39m&amp#27;[39mDEBUG Iteration 3: Found improving solution (cost: 120,00, reliability: 0,990)
&amp#27;[0;39m&amp#27;[39mDEBUG Iteration 5: Found improving solution (cost: 120,00, reliability: 0,990)
&amp#27;[0;39m&amp#27;[39mDEBUG Iteration 7: Found improving solution (cost: 120,00, reliability: 0,990)
&amp#27;[0;39m&amp#27;[39mDEBUG Iteration 9: Found improving solution (cost: 120,00, reliability: 0,990)
&amp#27;[0;39m&amp#27;[39mDEBUG Applying diversification strategy
&amp#27;[0;39m&amp#27;[39mDEBUG Applying diversification strategy
&amp#27;[0;39m&amp#27;[39mDEBUG Applying diversification strategy
&amp#27;[0;39m&amp#27;[39mDEBUG Applying diversification strategy
&amp#27;[0;39m&amp#27;[39mDEBUG Applying diversification strategy
&amp#27;[0;39m&amp#27;[39mDEBUG Applying diversification strategy
&amp#27;[0;39m&amp#27;[39mDEBUG Applying diversification strategy
&amp#27;[0;39m&amp#27;[39mDEBUG Applying diversification strategy
&amp#27;[0;39m&amp#27;[39mDEBUG Applying diversification strategy
&amp#27;[0;39m&amp#27;[39mDEBUG Iteration 1: Found improving solution (cost: 120,00, reliability: 0,990)
&amp#27;[0;39m&amp#27;[39mDEBUG Iteration 3: Found improving solution (cost: 120,00, reliability: 0,990)
&amp#27;[0;39m&amp#27;[39mDEBUG Iteration 5: Found improving solution (cost: 120,00, reliability: 0,990)
&amp#27;[0;39m&amp#27;[39mDEBUG Iteration 7: Found improving solution (cost: 120,00, reliability: 0,990)
&amp#27;[0;39m&amp#27;[39mDEBUG Iteration 9: Found improving solution (cost: 120,00, reliability: 0,990)
&amp#27;[0;39m&amp#27;[39mDEBUG Applying diversification strategy
&amp#27;[0;39m&amp#27;[39mDEBUG Applying diversification strategy
&amp#27;[0;39m&amp#27;[39mDEBUG Applying diversification strategy
&amp#27;[0;39m&amp#27;[39mDEBUG Applying diversification strategy
&amp#27;[0;39m&amp#27;[39mDEBUG Applying diversification strategy
&amp#27;[0;39m&amp#27;[39mDEBUG Applying diversification strategy
&amp#27;[0;39m&amp#27;[39mDEBUG Applying diversification strategy
&amp#27;[0;39m&amp#27;[39mDEBUG Applying diversification strategy
&amp#27;[0;39m&amp#27;[39mDEBUG Applying diversification strategy
&amp#27;[0;39m&amp#27;[39mDEBUG Iteration 1: Found improving solution (cost: 120,00, reliability: 0,990)
&amp#27;[0;39m&amp#27;[39mDEBUG Iteration 3: Found improving solution (cost: 120,00, reliability: 0,990)
&amp#27;[0;39m&amp#27;[39mDEBUG Iteration 5: Found improving solution (cost: 120,00, reliability: 0,990)
&amp#27;[0;39m&amp#27;[39mDEBUG Iteration 7: Found improving solution (cost: 120,00, reliability: 0,990)
&amp#27;[0;39m&amp#27;[39mDEBUG Iteration 9: Found improving solution (cost: 120,00, reliability: 0,990)
&amp#27;[0;39m&amp#27;[39mDEBUG Applying diversification strategy
&amp#27;[0;39m&amp#27;[39mDEBUG Applying diversification strategy
&amp#27;[0;39m&amp#27;[39mDEBUG Applying diversification strategy
&amp#27;[0;39m&amp#27;[39mDEBUG Applying diversification strategy
&amp#27;[0;39m&amp#27;[39mDEBUG Applying diversification strategy
&amp#27;[0;39m&amp#27;[39mDEBUG Applying diversification strategy
&amp#27;[0;39m&amp#27;[39mDEBUG Applying diversification strategy
&amp#27;[0;39m&amp#27;[39mDEBUG Applying diversification strategy
&amp#27;[0;39m&amp#27;[39mDEBUG Applying diversification strategy
&amp#27;[0;39m&amp#27;[39mDEBUG Iteration 1: Found improving solution (cost: 120,00, reliability: 0,990)
&amp#27;[0;39m&amp#27;[39mDEBUG Iteration 3: Found improving solution (cost: 120,00, reliability: 0,990)
&amp#27;[0;39m&amp#27;[39mDEBUG Iteration 5: Found improving solution (cost: 120,00, reliability: 0,990)
&amp#27;[0;39m&amp#27;[39mDEBUG Iteration 7: Found improving solution (cost: 120,00, reliability: 0,990)
&amp#27;[0;39m&amp#27;[39mDEBUG Iteration 9: Found improving solution (cost: 120,00, reliability: 0,990)
&amp#27;[0;39m&amp#27;[39mDEBUG Applying diversification strategy
&amp#27;[0;39m&amp#27;[39mDEBUG Applying diversification strategy
&amp#27;[0;39m&amp#27;[39mDEBUG Applying diversification strategy
&amp#27;[0;39m&amp#27;[39mDEBUG Applying diversification strategy
&amp#27;[0;39m&amp#27;[39mDEBUG Applying diversification strategy
&amp#27;[0;39m&amp#27;[39mDEBUG Applying diversification strategy
&amp#27;[0;39m&amp#27;[39mDEBUG Applying diversification strategy
&amp#27;[0;39m&amp#27;[39mDEBUG Applying diversification strategy
&amp#27;[0;39m&amp#27;[39mDEBUG Applying diversification strategy
&amp#27;[0;39m&amp#27;[39mDEBUG Iteration 1: Found improving solution (cost: 120,00, reliability: 0,990)
&amp#27;[0;39m&amp#27;[39mDEBUG Iteration 3: Found improving solution (cost: 120,00, reliability: 0,990)
&amp#27;[0;39m&amp#27;[39mDEBUG Iteration 5: Found improving solution (cost: 120,00, reliability: 0,990)
&amp#27;[0;39m&amp#27;[39mDEBUG Iteration 7: Found improving solution (cost: 120,00, reliability: 0,990)
&amp#27;[0;39m&amp#27;[39mDEBUG Iteration 9: Found improving solution (cost: 120,00, reliability: 0,990)
&amp#27;[0;39m&amp#27;[39mDEBUG Applying diversification strategy
&amp#27;[0;39m&amp#27;[39mDEBUG Applying diversification strategy
&amp#27;[0;39m&amp#27;[39mDEBUG Applying diversification strategy
&amp#27;[0;39m&amp#27;[39mDEBUG Applying diversification strategy
&amp#27;[0;39m&amp#27;[39mDEBUG Applying diversification strategy
&amp#27;[0;39m&amp#27;[39mDEBUG Applying diversification strategy
&amp#27;[0;39m&amp#27;[39mDEBUG Applying diversification strategy
&amp#27;[0;39m&amp#27;[39mDEBUG Applying diversification strategy
&amp#27;[0;39m&amp#27;[39mDEBUG Applying diversification strategy
&amp#27;[0;39m&amp#27;[34mINFO  Tabu Search completed in 53 ms, 5000 iterations, 57 improvements
&amp#27;[0;39m&amp#27;[34mINFO  Tabu Search completed. Archive size: 10, Improvements: 57
&amp#27;[0;39m&amp#27;[34mINFO  Hybrid optimization completed in 56 ms
&amp#27;[0;39m&amp#27;[34mINFO  Final archive statistics: ArchiveStats{size=10, cost=[120,00, 120,00, 120,00], reliability=[0,990, 0,990, 0,990]}
&amp#27;[0;39m]]></system-out>
  </testcase>
  <testcase name="testReportGeneration" classname="com.ramonyago.cloudsim.AppTest" time="0.045">
    <system-out><![CDATA[&amp#27;[34mINFO  VM Allocation Optimizer initialized for instance: sample
&amp#27;[0;39m&amp#27;[34mINFO  Instance statistics: Instance Statistics:
  VMs: 3, Hosts: 3
  Avg VM reliability requirement: 0,943
  Avg Host failure probability: 0,027
  Total host activation cost: 300,00
  Resource demands vs capacities:
    CPU: 7,00 / 24,00 (29,2%)
    RAM: 14,00 / 48,00 (29,2%)
    Storage: 70,00 / 350,00 (20,0%)
    Network: 0,00 / 0,00 (0,0%)
    GPU: 0,00 / 0,00 (0,0%)

&amp#27;[0;39m&amp#27;[34mINFO  Starting hybrid optimization process...
&amp#27;[0;39m&amp#27;[34mINFO  === Phase 1: Multi-objective BRKGA ===
&amp#27;[0;39m&amp#27;[34mINFO  MOBRKGA initialized with parameters: BRKGAParameters{popSize=20, maxGen=10, elite=0,15, mutant=0,10, inheritance=0,70, archiveSize=10, NSGA2=true}
&amp#27;[0;39m&amp#27;[34mINFO  Starting MOBRKGA execution...
&amp#27;[0;39m&amp#27;[39mDEBUG Population initialized with 20 individuals
&amp#27;[0;39m&amp#27;[34mINFO  Generation 10: Archive size = 10, Avg cost = 159,00, Avg reliability = 0,985
&amp#27;[0;39m&amp#27;[34mINFO  MOBRKGA completed in 3 ms
&amp#27;[0;39m&amp#27;[34mINFO  BRKGA completed. Archive size: 10
&amp#27;[0;39m&amp#27;[34mINFO  === Phase 2: Multi-objective Tabu Search ===
&amp#27;[0;39m&amp#27;[34mINFO  Starting Tabu Search with 10 initial solutions
&amp#27;[0;39m&amp#27;[39mDEBUG Iteration 1: Found improving solution (cost: 120,00, reliability: 0,990)
&amp#27;[0;39m&amp#27;[39mDEBUG Iteration 3: Found improving solution (cost: 120,00, reliability: 0,990)
&amp#27;[0;39m&amp#27;[39mDEBUG Iteration 5: Found improving solution (cost: 120,00, reliability: 0,990)
&amp#27;[0;39m&amp#27;[39mDEBUG Iteration 7: Found improving solution (cost: 120,00, reliability: 0,990)
&amp#27;[0;39m&amp#27;[39mDEBUG Iteration 9: Found improving solution (cost: 120,00, reliability: 0,990)
&amp#27;[0;39m&amp#27;[39mDEBUG Applying diversification strategy
&amp#27;[0;39m&amp#27;[39mDEBUG Iteration 51: Found improving solution (cost: 100,00, reliability: 0,980)
&amp#27;[0;39m&amp#27;[39mDEBUG Iteration 53: Found improving solution (cost: 100,00, reliability: 0,980)
&amp#27;[0;39m&amp#27;[39mDEBUG Applying diversification strategy
&amp#27;[0;39m&amp#27;[39mDEBUG Applying diversification strategy
&amp#27;[0;39m&amp#27;[39mDEBUG Applying diversification strategy
&amp#27;[0;39m&amp#27;[39mDEBUG Applying diversification strategy
&amp#27;[0;39m&amp#27;[39mDEBUG Applying diversification strategy
&amp#27;[0;39m&amp#27;[39mDEBUG Applying diversification strategy
&amp#27;[0;39m&amp#27;[39mDEBUG Applying diversification strategy
&amp#27;[0;39m&amp#27;[39mDEBUG Applying diversification strategy
&amp#27;[0;39m&amp#27;[39mDEBUG Iteration 1: Found improving solution (cost: 120,00, reliability: 0,990)
&amp#27;[0;39m&amp#27;[39mDEBUG Iteration 3: Found improving solution (cost: 120,00, reliability: 0,990)
&amp#27;[0;39m&amp#27;[39mDEBUG Iteration 5: Found improving solution (cost: 120,00, reliability: 0,990)
&amp#27;[0;39m&amp#27;[39mDEBUG Iteration 7: Found improving solution (cost: 120,00, reliability: 0,990)
&amp#27;[0;39m&amp#27;[39mDEBUG Iteration 9: Found improving solution (cost: 120,00, reliability: 0,990)
&amp#27;[0;39m&amp#27;[39mDEBUG Applying diversification strategy
&amp#27;[0;39m&amp#27;[39mDEBUG Applying diversification strategy
&amp#27;[0;39m&amp#27;[39mDEBUG Applying diversification strategy
&amp#27;[0;39m&amp#27;[39mDEBUG Applying diversification strategy
&amp#27;[0;39m&amp#27;[39mDEBUG Applying diversification strategy
&amp#27;[0;39m&amp#27;[39mDEBUG Applying diversification strategy
&amp#27;[0;39m&amp#27;[39mDEBUG Applying diversification strategy
&amp#27;[0;39m&amp#27;[39mDEBUG Applying diversification strategy
&amp#27;[0;39m&amp#27;[39mDEBUG Applying diversification strategy
&amp#27;[0;39m&amp#27;[39mDEBUG Iteration 1: Found improving solution (cost: 120,00, reliability: 0,990)
&amp#27;[0;39m&amp#27;[39mDEBUG Iteration 3: Found improving solution (cost: 120,00, reliability: 0,990)
&amp#27;[0;39m&amp#27;[39mDEBUG Iteration 5: Found improving solution (cost: 120,00, reliability: 0,990)
&amp#27;[0;39m&amp#27;[39mDEBUG Iteration 7: Found improving solution (cost: 120,00, reliability: 0,990)
&amp#27;[0;39m&amp#27;[39mDEBUG Iteration 9: Found improving solution (cost: 120,00, reliability: 0,990)
&amp#27;[0;39m&amp#27;[39mDEBUG Applying diversification strategy
&amp#27;[0;39m&amp#27;[39mDEBUG Iteration 52: Found improving solution (cost: 100,00, reliability: 0,980)
&amp#27;[0;39m&amp#27;[39mDEBUG Iteration 54: Found improving solution (cost: 100,00, reliability: 0,980)
&amp#27;[0;39m&amp#27;[39mDEBUG Applying diversification strategy
&amp#27;[0;39m&amp#27;[39mDEBUG Applying diversification strategy
&amp#27;[0;39m&amp#27;[39mDEBUG Applying diversification strategy
&amp#27;[0;39m&amp#27;[39mDEBUG Applying diversification strategy
&amp#27;[0;39m&amp#27;[39mDEBUG Applying diversification strategy
&amp#27;[0;39m&amp#27;[39mDEBUG Applying diversification strategy
&amp#27;[0;39m&amp#27;[39mDEBUG Applying diversification strategy
&amp#27;[0;39m&amp#27;[39mDEBUG Applying diversification strategy
&amp#27;[0;39m&amp#27;[39mDEBUG Iteration 1: Found improving solution (cost: 120,00, reliability: 0,990)
&amp#27;[0;39m&amp#27;[39mDEBUG Iteration 3: Found improving solution (cost: 120,00, reliability: 0,990)
&amp#27;[0;39m&amp#27;[39mDEBUG Iteration 5: Found improving solution (cost: 120,00, reliability: 0,990)
&amp#27;[0;39m&amp#27;[39mDEBUG Iteration 7: Found improving solution (cost: 120,00, reliability: 0,990)
&amp#27;[0;39m&amp#27;[39mDEBUG Iteration 9: Found improving solution (cost: 120,00, reliability: 0,990)
&amp#27;[0;39m&amp#27;[39mDEBUG Applying diversification strategy
&amp#27;[0;39m&amp#27;[39mDEBUG Iteration 51: Found improving solution (cost: 100,00, reliability: 0,980)
&amp#27;[0;39m&amp#27;[39mDEBUG Applying diversification strategy
&amp#27;[0;39m&amp#27;[39mDEBUG Applying diversification strategy
&amp#27;[0;39m&amp#27;[39mDEBUG Applying diversification strategy
&amp#27;[0;39m&amp#27;[39mDEBUG Applying diversification strategy
&amp#27;[0;39m&amp#27;[39mDEBUG Applying diversification strategy
&amp#27;[0;39m&amp#27;[39mDEBUG Applying diversification strategy
&amp#27;[0;39m&amp#27;[39mDEBUG Applying diversification strategy
&amp#27;[0;39m&amp#27;[39mDEBUG Applying diversification strategy
&amp#27;[0;39m&amp#27;[39mDEBUG Iteration 1: Found improving solution (cost: 120,00, reliability: 0,990)
&amp#27;[0;39m&amp#27;[39mDEBUG Iteration 3: Found improving solution (cost: 120,00, reliability: 0,990)
&amp#27;[0;39m&amp#27;[39mDEBUG Iteration 5: Found improving solution (cost: 120,00, reliability: 0,990)
&amp#27;[0;39m&amp#27;[39mDEBUG Iteration 7: Found improving solution (cost: 120,00, reliability: 0,990)
&amp#27;[0;39m&amp#27;[39mDEBUG Iteration 9: Found improving solution (cost: 120,00, reliability: 0,990)
&amp#27;[0;39m&amp#27;[39mDEBUG Applying diversification strategy
&amp#27;[0;39m&amp#27;[39mDEBUG Iteration 52: Found improving solution (cost: 100,00, reliability: 0,980)
&amp#27;[0;39m&amp#27;[39mDEBUG Iteration 54: Found improving solution (cost: 100,00, reliability: 0,980)
&amp#27;[0;39m&amp#27;[39mDEBUG Applying diversification strategy
&amp#27;[0;39m&amp#27;[39mDEBUG Applying diversification strategy
&amp#27;[0;39m&amp#27;[39mDEBUG Applying diversification strategy
&amp#27;[0;39m&amp#27;[39mDEBUG Applying diversification strategy
&amp#27;[0;39m&amp#27;[39mDEBUG Applying diversification strategy
&amp#27;[0;39m&amp#27;[39mDEBUG Applying diversification strategy
&amp#27;[0;39m&amp#27;[39mDEBUG Applying diversification strategy
&amp#27;[0;39m&amp#27;[39mDEBUG Applying diversification strategy
&amp#27;[0;39m&amp#27;[39mDEBUG Iteration 1: Found improving solution (cost: 120,00, reliability: 0,990)
&amp#27;[0;39m&amp#27;[39mDEBUG Iteration 3: Found improving solution (cost: 120,00, reliability: 0,990)
&amp#27;[0;39m&amp#27;[39mDEBUG Iteration 5: Found improving solution (cost: 120,00, reliability: 0,990)
&amp#27;[0;39m&amp#27;[39mDEBUG Iteration 7: Found improving solution (cost: 120,00, reliability: 0,990)
&amp#27;[0;39m&amp#27;[39mDEBUG Iteration 9: Found improving solution (cost: 120,00, reliability: 0,990)
&amp#27;[0;39m&amp#27;[39mDEBUG Applying diversification strategy
&amp#27;[0;39m&amp#27;[39mDEBUG Applying diversification strategy
&amp#27;[0;39m&amp#27;[39mDEBUG Applying diversification strategy
&amp#27;[0;39m&amp#27;[39mDEBUG Applying diversification strategy
&amp#27;[0;39m&amp#27;[39mDEBUG Applying diversification strategy
&amp#27;[0;39m&amp#27;[39mDEBUG Applying diversification strategy
&amp#27;[0;39m&amp#27;[39mDEBUG Applying diversification strategy
&amp#27;[0;39m&amp#27;[39mDEBUG Applying diversification strategy
&amp#27;[0;39m&amp#27;[39mDEBUG Applying diversification strategy
&amp#27;[0;39m&amp#27;[39mDEBUG Iteration 1: Found improving solution (cost: 120,00, reliability: 0,990)
&amp#27;[0;39m&amp#27;[39mDEBUG Iteration 3: Found improving solution (cost: 120,00, reliability: 0,990)
&amp#27;[0;39m&amp#27;[39mDEBUG Iteration 5: Found improving solution (cost: 120,00, reliability: 0,990)
&amp#27;[0;39m&amp#27;[39mDEBUG Iteration 7: Found improving solution (cost: 120,00, reliability: 0,990)
&amp#27;[0;39m&amp#27;[39mDEBUG Iteration 9: Found improving solution (cost: 120,00, reliability: 0,990)
&amp#27;[0;39m&amp#27;[39mDEBUG Applying diversification strategy
&amp#27;[0;39m&amp#27;[39mDEBUG Applying diversification strategy
&amp#27;[0;39m&amp#27;[39mDEBUG Applying diversification strategy
&amp#27;[0;39m&amp#27;[39mDEBUG Applying diversification strategy
&amp#27;[0;39m&amp#27;[39mDEBUG Applying diversification strategy
&amp#27;[0;39m&amp#27;[39mDEBUG Applying diversification strategy
&amp#27;[0;39m&amp#27;[39mDEBUG Applying diversification strategy
&amp#27;[0;39m&amp#27;[39mDEBUG Applying diversification strategy
&amp#27;[0;39m&amp#27;[39mDEBUG Applying diversification strategy
&amp#27;[0;39m&amp#27;[39mDEBUG Iteration 1: Found improving solution (cost: 120,00, reliability: 0,990)
&amp#27;[0;39m&amp#27;[39mDEBUG Iteration 3: Found improving solution (cost: 120,00, reliability: 0,990)
&amp#27;[0;39m&amp#27;[39mDEBUG Iteration 5: Found improving solution (cost: 120,00, reliability: 0,990)
&amp#27;[0;39m&amp#27;[39mDEBUG Iteration 7: Found improving solution (cost: 120,00, reliability: 0,990)
&amp#27;[0;39m&amp#27;[39mDEBUG Iteration 9: Found improving solution (cost: 120,00, reliability: 0,990)
&amp#27;[0;39m&amp#27;[39mDEBUG Applying diversification strategy
&amp#27;[0;39m&amp#27;[39mDEBUG Applying diversification strategy
&amp#27;[0;39m&amp#27;[39mDEBUG Applying diversification strategy
&amp#27;[0;39m&amp#27;[39mDEBUG Applying diversification strategy
&amp#27;[0;39m&amp#27;[39mDEBUG Applying diversification strategy
&amp#27;[0;39m&amp#27;[39mDEBUG Applying diversification strategy
&amp#27;[0;39m&amp#27;[39mDEBUG Applying diversification strategy
&amp#27;[0;39m&amp#27;[39mDEBUG Applying diversification strategy
&amp#27;[0;39m&amp#27;[39mDEBUG Applying diversification strategy
&amp#27;[0;39m&amp#27;[39mDEBUG Iteration 1: Found improving solution (cost: 120,00, reliability: 0,990)
&amp#27;[0;39m&amp#27;[39mDEBUG Iteration 3: Found improving solution (cost: 120,00, reliability: 0,990)
&amp#27;[0;39m&amp#27;[39mDEBUG Iteration 5: Found improving solution (cost: 120,00, reliability: 0,990)
&amp#27;[0;39m&amp#27;[39mDEBUG Iteration 7: Found improving solution (cost: 120,00, reliability: 0,990)
&amp#27;[0;39m&amp#27;[39mDEBUG Iteration 9: Found improving solution (cost: 120,00, reliability: 0,990)
&amp#27;[0;39m&amp#27;[39mDEBUG Applying diversification strategy
&amp#27;[0;39m&amp#27;[39mDEBUG Applying diversification strategy
&amp#27;[0;39m&amp#27;[39mDEBUG Applying diversification strategy
&amp#27;[0;39m&amp#27;[39mDEBUG Applying diversification strategy
&amp#27;[0;39m&amp#27;[39mDEBUG Applying diversification strategy
&amp#27;[0;39m&amp#27;[39mDEBUG Applying diversification strategy
&amp#27;[0;39m&amp#27;[39mDEBUG Applying diversification strategy
&amp#27;[0;39m&amp#27;[39mDEBUG Applying diversification strategy
&amp#27;[0;39m&amp#27;[39mDEBUG Applying diversification strategy
&amp#27;[0;39m&amp#27;[39mDEBUG Iteration 1: Found improving solution (cost: 120,00, reliability: 0,990)
&amp#27;[0;39m&amp#27;[39mDEBUG Iteration 3: Found improving solution (cost: 120,00, reliability: 0,990)
&amp#27;[0;39m&amp#27;[39mDEBUG Iteration 5: Found improving solution (cost: 120,00, reliability: 0,990)
&amp#27;[0;39m&amp#27;[39mDEBUG Iteration 7: Found improving solution (cost: 120,00, reliability: 0,990)
&amp#27;[0;39m&amp#27;[39mDEBUG Iteration 9: Found improving solution (cost: 120,00, reliability: 0,990)
&amp#27;[0;39m&amp#27;[39mDEBUG Applying diversification strategy
&amp#27;[0;39m&amp#27;[39mDEBUG Applying diversification strategy
&amp#27;[0;39m&amp#27;[39mDEBUG Applying diversification strategy
&amp#27;[0;39m&amp#27;[39mDEBUG Applying diversification strategy
&amp#27;[0;39m&amp#27;[39mDEBUG Applying diversification strategy
&amp#27;[0;39m&amp#27;[39mDEBUG Applying diversification strategy
&amp#27;[0;39m&amp#27;[39mDEBUG Applying diversification strategy
&amp#27;[0;39m&amp#27;[39mDEBUG Applying diversification strategy
&amp#27;[0;39m&amp#27;[39mDEBUG Applying diversification strategy
&amp#27;[0;39m&amp#27;[34mINFO  Tabu Search completed in 36 ms, 5000 iterations, 57 improvements
&amp#27;[0;39m&amp#27;[34mINFO  Tabu Search completed. Archive size: 10, Improvements: 57
&amp#27;[0;39m&amp#27;[34mINFO  Hybrid optimization completed in 39 ms
&amp#27;[0;39m&amp#27;[34mINFO  Final archive statistics: ArchiveStats{size=10, cost=[120,00, 120,00, 120,00], reliability=[0,990, 0,990, 0,990]}
&amp#27;[0;39m]]></system-out>
  </testcase>
</testsuite>